<?xml version="1.0" encoding="UTF-8"?>
<!-- Generated by org.testng.reporters.JUnitXMLReporter -->
<testsuite ignored="0" hostname="DESKTOP-2G546S3" failures="10" tests="20" name="FirefoxTest" time="193.603" errors="0" timestamp="2026-06-03T19:12:31 GMT+07:00">
  <testcase classname="testCases.TC_LF_001_LoginTest" name="verify_login" time="1.128"/>
  <testcase classname="testCases.TC_LF_002_InvalidLoginTest" name="verify_login_with_invalid_account_info" time="11.106"/>
  <testcase classname="testCases.TC_LF_003_InvalidEmailLoginTest" name="verify_login_with_invalid_email" time="1.013">
    <failure type="java.lang.AssertionError" message="null">
      <![CDATA[java.lang.AssertionError: null
at testCases.TC_LF_003_InvalidEmailLoginTest.verify_login_with_invalid_email(TC_LF_003_InvalidEmailLoginTest.java:42)
at java.base/java.util.ArrayList.forEach(ArrayList.java:1604)
at java.base/java.util.concurrent.FutureTask.run(FutureTask.java:328)
at java.base/java.util.concurrent.ThreadPoolExecutor.runWorker(ThreadPoolExecutor.java:1090)
at java.base/java.util.concurrent.ThreadPoolExecutor$Worker.run(ThreadPoolExecutor.java:614)
at java.base/java.lang.Thread.run(Thread.java:1474)
... Removed 17 stack frames]]>
    </failure>
  </testcase> <!-- verify_login_with_invalid_email -->
  <testcase classname="testCases.TC_LF_004_InvalidPasswordLoginTest" name="verify_login_with_invalid_password" time="11.122"/>
  <testcase classname="testCases.TC_LF_005_NoncredentialLoginTest" name="verify_login_without_credentials" time="11.16"/>
  <testcase classname="testCases.TC_LF_006_ForgottenPasswordLinkTest" name="validate_forgotten_password" time="10.839">
    <failure type="java.lang.AssertionError" message="null">
      <![CDATA[java.lang.AssertionError: null
at testCases.TC_LF_006_ForgottenPasswordLinkTest.validate_forgotten_password(TC_LF_006_ForgottenPasswordLinkTest.java:42)
at java.base/java.util.ArrayList.forEach(ArrayList.java:1604)
at java.base/java.util.concurrent.FutureTask.run(FutureTask.java:328)
at java.base/java.util.concurrent.ThreadPoolExecutor.runWorker(ThreadPoolExecutor.java:1090)
at java.base/java.util.concurrent.ThreadPoolExecutor$Worker.run(ThreadPoolExecutor.java:614)
at java.base/java.lang.Thread.run(Thread.java:1474)
... Removed 17 stack frames]]>
    </failure>
  </testcase> <!-- validate_forgotten_password -->
  <testcase classname="testCases.TC_LF_007_KeyboardKeysLoginTest" name="verify_login_with_keyboard_keys" time="1.618"/>
  <testcase classname="testCases.TC_LF_008_FieldsPlaceholderTest" name="validate_fields_placeholders" time="0.365"/>
  <testcase classname="testCases.TC_LF_009_LoginAndBrowserBackingTest" name="verify_backing_after_login" time="10.565">
    <failure type="java.lang.AssertionError" message="null">
      <![CDATA[java.lang.AssertionError: null
at testCases.TC_LF_009_LoginAndBrowserBackingTest.verify_backing_after_login(TC_LF_009_LoginAndBrowserBackingTest.java:42)
at java.base/java.util.ArrayList.forEach(ArrayList.java:1604)
at java.base/java.util.concurrent.FutureTask.run(FutureTask.java:328)
at java.base/java.util.concurrent.ThreadPoolExecutor.runWorker(ThreadPoolExecutor.java:1090)
at java.base/java.util.concurrent.ThreadPoolExecutor$Worker.run(ThreadPoolExecutor.java:614)
at java.base/java.lang.Thread.run(Thread.java:1474)
... Removed 17 stack frames]]>
    </failure>
  </testcase> <!-- verify_backing_after_login -->
  <testcase classname="testCases.TC_LF_010_BackingAfterLoginTest" name="verify_backing_after_logout" time="13.556"/>
  <testcase classname="testCases.TC_LF_012_InvalidLoginSpamTest" name="verify_invalid_login_spam" time="10.76">
    <failure type="java.lang.AssertionError" message="null">
      <![CDATA[java.lang.AssertionError: null
at testCases.TC_LF_012_InvalidLoginSpamTest.verify_invalid_login_spam(TC_LF_012_InvalidLoginSpamTest.java:41)
at java.base/java.util.ArrayList.forEach(ArrayList.java:1604)
at java.base/java.util.concurrent.FutureTask.run(FutureTask.java:328)
at java.base/java.util.concurrent.ThreadPoolExecutor.runWorker(ThreadPoolExecutor.java:1090)
at java.base/java.util.concurrent.ThreadPoolExecutor$Worker.run(ThreadPoolExecutor.java:614)
at java.base/java.lang.Thread.run(Thread.java:1474)
... Removed 17 stack frames]]>
    </failure>
  </testcase> <!-- verify_invalid_login_spam -->
  <testcase classname="testCases.TC_LF_013_PasswordFieldsCoveringTest" name="validate_password_fields_is_hidden" time="0.425"/>
  <testcase classname="testCases.TC_LF_014_CopyingPasswordTxtTest" name="validate_password_copy_function_blocked" time="0.575"/>
  <testcase classname="testCases.TC_LF_015_PasswordPageSourceTest" name="validate_password_copy_function_blocked" time="0.969">
    <failure type="java.lang.AssertionError" message="null">
      <![CDATA[java.lang.AssertionError: null
at testCases.TC_LF_015_PasswordPageSourceTest.validate_password_copy_function_blocked(TC_LF_015_PasswordPageSourceTest.java:42)
at java.base/java.util.ArrayList.forEach(ArrayList.java:1604)
at java.base/java.util.concurrent.FutureTask.run(FutureTask.java:328)
at java.base/java.util.concurrent.ThreadPoolExecutor.runWorker(ThreadPoolExecutor.java:1090)
at java.base/java.util.concurrent.ThreadPoolExecutor$Worker.run(ThreadPoolExecutor.java:614)
at java.base/java.lang.Thread.run(Thread.java:1474)
... Removed 17 stack frames]]>
    </failure>
  </testcase> <!-- validate_password_copy_function_blocked -->
  <testcase classname="testCases.TC_LF_016_ChangingPasswordLoginTest" name="validate_login_after_changing_password" time="1.049">
    <failure type="java.lang.AssertionError" message="null">
      <![CDATA[java.lang.AssertionError: null
at testCases.TC_LF_016_ChangingPasswordLoginTest.validate_login_after_changing_password(TC_LF_016_ChangingPasswordLoginTest.java:79)
at java.base/java.util.ArrayList.forEach(ArrayList.java:1604)
at java.base/java.util.concurrent.FutureTask.run(FutureTask.java:328)
at java.base/java.util.concurrent.ThreadPoolExecutor.runWorker(ThreadPoolExecutor.java:1090)
at java.base/java.util.concurrent.ThreadPoolExecutor$Worker.run(ThreadPoolExecutor.java:614)
at java.base/java.lang.Thread.run(Thread.java:1474)
... Removed 17 stack frames]]>
    </failure>
  </testcase> <!-- validate_login_after_changing_password -->
  <testcase classname="testCases.TC_LF_017_LoginSessionTest" name="verify_login_browser_session" time="0.732">
    <failure type="java.lang.AssertionError" message="null">
      <![CDATA[java.lang.AssertionError: null
at testCases.TC_LF_017_LoginSessionTest.verify_login_browser_session(TC_LF_017_LoginSessionTest.java:63)
at java.base/java.util.ArrayList.forEach(ArrayList.java:1604)
at java.base/java.util.concurrent.FutureTask.run(FutureTask.java:328)
at java.base/java.util.concurrent.ThreadPoolExecutor.runWorker(ThreadPoolExecutor.java:1090)
at java.base/java.util.concurrent.ThreadPoolExecutor$Worker.run(ThreadPoolExecutor.java:614)
at java.base/java.lang.Thread.run(Thread.java:1474)
... Removed 17 stack frames]]>
    </failure>
  </testcase> <!-- verify_login_browser_session -->
  <testcase classname="testCases.TC_LF_018_LoginSessionTimeOutTest" name="verify_login_login_session_timeout" time="0.735">
    <failure type="java.lang.AssertionError" message="null">
      <![CDATA[java.lang.AssertionError: null
at testCases.TC_LF_018_LoginSessionTimeOutTest.verify_login_login_session_timeout(TC_LF_018_LoginSessionTimeOutTest.java:54)
at java.base/java.util.ArrayList.forEach(ArrayList.java:1604)
at java.base/java.util.concurrent.FutureTask.run(FutureTask.java:328)
at java.base/java.util.concurrent.ThreadPoolExecutor.runWorker(ThreadPoolExecutor.java:1090)
at java.base/java.util.concurrent.ThreadPoolExecutor$Worker.run(ThreadPoolExecutor.java:614)
at java.base/java.lang.Thread.run(Thread.java:1474)
... Removed 17 stack frames]]>
    </failure>
  </testcase> <!-- verify_login_login_session_timeout -->
  <testcase classname="testCases.TC_LF_019_LoginPageLinksTest" name="verify_loginpage_links" time="1.659">
    <failure type="java.lang.AssertionError" message="null">
      <![CDATA[java.lang.AssertionError: null
at testCases.TC_LF_019_LoginPageLinksTest.verify_loginpage_links(TC_LF_019_LoginPageLinksTest.java:45)
at java.base/java.util.ArrayList.forEach(ArrayList.java:1604)
at java.base/java.util.concurrent.FutureTask.run(FutureTask.java:328)
at java.base/java.util.concurrent.ThreadPoolExecutor.runWorker(ThreadPoolExecutor.java:1090)
at java.base/java.util.concurrent.ThreadPoolExecutor$Worker.run(ThreadPoolExecutor.java:614)
at java.base/java.lang.Thread.run(Thread.java:1474)
... Removed 17 stack frames]]>
    </failure>
  </testcase> <!-- verify_loginpage_links -->
  <testcase classname="testCases.TC_LF_020_LoginPageAccessTest" name="verify_loginpage_access_links" time="0.847">
    <failure type="java.lang.AssertionError" message="null">
      <![CDATA[java.lang.AssertionError: null
at testCases.TC_LF_020_LoginPageAccessTest.verify_loginpage_access_links(TC_LF_020_LoginPageAccessTest.java:42)
at java.base/java.util.ArrayList.forEach(ArrayList.java:1604)
at java.base/java.util.concurrent.FutureTask.run(FutureTask.java:328)
at java.base/java.util.concurrent.ThreadPoolExecutor.runWorker(ThreadPoolExecutor.java:1090)
at java.base/java.util.concurrent.ThreadPoolExecutor$Worker.run(ThreadPoolExecutor.java:614)
at java.base/java.lang.Thread.run(Thread.java:1474)
... Removed 17 stack frames]]>
    </failure>
  </testcase> <!-- verify_loginpage_access_links -->
  <testcase classname="testCases.TC_LF_021_BreadscrumbHeadingURLTitleTest" name="validate_breadcrumbs_heading_url_title" time="1.121"/>
</testsuite> <!-- FirefoxTest -->
