<?xml version="1.0" encoding="UTF-8"?>
<!-- Generated by org.testng.reporters.JUnitXMLReporter -->
<testsuite ignored="20" hostname="DESKTOP-2G546S3" failures="1" tests="8" name="FirefoxTest" time="69.233" errors="0" timestamp="2026-06-15T23:33:33 GMT+07:00">
  <testcase classname="testCases.TC_LG_001_LogoutByHeaderMenuTest" name="verify_logout" time="3.931"/>
  <testcase classname="testCases.TC_LG_002_LogoutByButtonGroupMenuTest" name="verify_logout_through_btn_group" time="2.859"/>
  <testcase classname="testCases.TC_LG_003_LoginSessionTest" name="verify_login_browser_session" time="10.211">
    <failure type="java.lang.AssertionError" message="User session was not saved expected [true] but found [false]">
      <![CDATA[java.lang.AssertionError: User session was not saved expected [true] but found [false]
at testCases.TC_LG_003_LoginSessionTest.verify_login_browser_session(TC_LG_003_LoginSessionTest.java:64)
at java.base/java.util.ArrayList.forEach(ArrayList.java:1604)
at java.base/java.util.concurrent.FutureTask.run(FutureTask.java:328)
at java.base/java.util.concurrent.ThreadPoolExecutor.runWorker(ThreadPoolExecutor.java:1090)
at java.base/java.util.concurrent.ThreadPoolExecutor$Worker.run(ThreadPoolExecutor.java:614)
at java.base/java.lang.Thread.run(Thread.java:1474)
... Removed 21 stack frames]]>
    </failure>
  </testcase> <!-- verify_login_browser_session -->
  <testcase classname="testCases.TC_LG_004_LogoutAndBackingTest" name="verify_logout_backing" time="6.203"/>
  <testcase classname="testCases.TC_LG_005_MALogoutOptionTest" name="verify_logout_btn_before_login" time="10.129"/>
  <testcase classname="testCases.TC_LG_006_BtnGrpLogoutOptionTest" name="verify_logout_btn_grp_before_login" time="0.645"/>
  <testcase classname="testCases.TC_LG_008_LogoutLoginSequencingTest" name="verify_login" time="2.696"/>
  <testcase classname="testCases.TC_LG_009_BreadscrumbHeadingURLTitleTest" name="validate_breadcrumbs_heading_url_title" time="1.518"/>
  <testcase classname="testCases.TC_LF_020_LoginPageAccessTest" name="verify_loginpage_access_links" time="0.0">
    <ignored/>
  </testcase> <!-- verify_loginpage_access_links -->
  <testcase classname="testCases.TC_LF_004_InvalidPasswordLoginTest" name="verify_login_with_invalid_password" time="0.0">
    <ignored/>
  </testcase> <!-- verify_login_with_invalid_password -->
  <testcase classname="testCases.TC_LF_012_InvalidLoginSpamTest" name="verify_invalid_login_spam" time="0.0">
    <ignored/>
  </testcase> <!-- verify_invalid_login_spam -->
  <testcase classname="testCases.TC_LF_006_ForgottenPasswordLinkTest" name="validate_forgotten_password" time="0.0">
    <ignored/>
  </testcase> <!-- validate_forgotten_password -->
  <testcase classname="testCases.TC_LF_016_ChangingPasswordLoginTest" name="validate_login_after_changing_password" time="0.0">
    <ignored/>
  </testcase> <!-- validate_login_after_changing_password -->
  <testcase classname="testCases.TC_LF_019_LoginPageLinksTest" name="verify_loginpage_links" time="0.0">
    <ignored/>
  </testcase> <!-- verify_loginpage_links -->
  <testcase classname="testCases.TC_LF_003_InvalidEmailLoginTest" name="verify_login_with_invalid_email" time="0.0">
    <ignored/>
  </testcase> <!-- verify_login_with_invalid_email -->
  <testcase classname="testCases.TC_LF_005_NoncredentialLoginTest" name="verify_login_without_credentials" time="0.0">
    <ignored/>
  </testcase> <!-- verify_login_without_credentials -->
  <testcase classname="testCases.TC_LF_001_LoginTest" name="verify_login" time="0.0">
    <ignored/>
  </testcase> <!-- verify_login -->
  <testcase classname="testCases.TC_LF_017_LoginSessionTest" name="verify_login_browser_session" time="0.0">
    <ignored/>
  </testcase> <!-- verify_login_browser_session -->
  <testcase classname="testCases.TC_LF_008_FieldsPlaceholderTest" name="validate_fields_placeholders" time="0.0">
    <ignored/>
  </testcase> <!-- validate_fields_placeholders -->
  <testcase classname="testCases.TC_LF_021_BreadscrumbHeadingURLTitleTest" name="validate_breadcrumbs_heading_url_title" time="0.0">
    <ignored/>
  </testcase> <!-- validate_breadcrumbs_heading_url_title -->
  <testcase classname="testCases.TC_LF_009_LoginAndBrowserBackingTest" name="verify_backing_after_login" time="0.0">
    <ignored/>
  </testcase> <!-- verify_backing_after_login -->
  <testcase classname="testCases.TC_LF_010_BackingAfterLoginTest" name="verify_backing_after_logout" time="0.0">
    <ignored/>
  </testcase> <!-- verify_backing_after_logout -->
  <testcase classname="testCases.TC_LF_013_PasswordFieldsCoveringTest" name="validate_password_fields_is_hidden" time="0.0">
    <ignored/>
  </testcase> <!-- validate_password_fields_is_hidden -->
  <testcase classname="testCases.TC_LF_018_LoginSessionTimeOutTest" name="verify_login_login_session_timeout" time="0.0">
    <ignored/>
  </testcase> <!-- verify_login_login_session_timeout -->
  <testcase classname="testCases.TC_LF_002_InvalidLoginTest" name="verify_login_with_invalid_account_info" time="0.0">
    <ignored/>
  </testcase> <!-- verify_login_with_invalid_account_info -->
  <testcase classname="testCases.TC_LF_014_CopyingPasswordTxtTest" name="validate_password_copy_function_blocked" time="0.0">
    <ignored/>
  </testcase> <!-- validate_password_copy_function_blocked -->
  <testcase classname="testCases.TC_LF_007_KeyboardKeysLoginTest" name="verify_login_with_keyboard_keys" time="0.0">
    <ignored/>
  </testcase> <!-- verify_login_with_keyboard_keys -->
  <testcase classname="testCases.TC_LF_015_PasswordPageSourceTest" name="validate_password_copy_function_blocked" time="0.0">
    <ignored/>
  </testcase> <!-- validate_password_copy_function_blocked -->
</testsuite> <!-- FirefoxTest -->
