<?xml version="1.0" encoding="UTF-8"?>
<!-- Generated by org.testng.reporters.JUnitXMLReporter -->
<testsuite ignored="0" hostname="DESKTOP-2G546S3" failures="0" tests="5" name="Test" time="55.019" errors="0" timestamp="2026-05-21T18:08:44 GMT+07:00">
  <testcase classname="testCases.TC_LF_001_LoginTest" name="verify_login" time="1.108"/>
  <testcase classname="testCases.TC_LF_002_InvalidLoginTest" name="verify_login_with_invalid_account_info" time="11.106"/>
  <testcase classname="testCases.TC_LF_003_InvalidEmailLoginTest" name="verify_login_with_invalid_email" time="10.819"/>
  <testcase classname="testCases.TC_LF_004_InvalidPasswordLoginTest" name="verify_login_with_invalid_password" time="11.504"/>
  <testcase classname="testCases.TC_LF_005_NoncredentialLoginTest" name="verify_login_without_credentials" time="11.671"/>
</testsuite> <!-- Test -->
