<?xml version="1.0" encoding="UTF-8"?>
<!-- Generated by org.testng.reporters.JUnitXMLReporter -->
<testsuite ignored="0" hostname="DESKTOP-2G546S3" failures="1" tests="2" name="Test" time="33.489" errors="0" timestamp="2026-06-01T19:42:30 GMT+07:00">
  <testcase classname="testCases.TC_LF_019_LoginPageLinksTest" name="verify_loginpage_links" time="28.602">
    <failure type="java.lang.AssertionError" message="Broken link detected!  expected [true] but found [false]">
      <![CDATA[java.lang.AssertionError: Broken link detected!  expected [true] but found [false]
at testCases.TC_LF_019_LoginPageLinksTest.verify_loginpage_links(TC_LF_019_LoginPageLinksTest.java:39)
at java.base/java.util.ArrayList.forEach(ArrayList.java:1604)
... Removed 31 stack frames]]>
    </failure>
  </testcase> <!-- verify_loginpage_links -->
  <testcase classname="testCases.TC_LF_020_LoginPageAccessTest" name="verify_loginpage_access_links" time="1.011"/>
</testsuite> <!-- Test -->
