<?xml version="1.0" encoding="UTF-8"?>
<!-- Generated by org.testng.reporters.JUnitXMLReporter -->
<testsuite ignored="48" hostname="DESKTOP-2G546S3" failures="1" tests="4" name="Test" time="23.675" errors="0" timestamp="2026-06-20T23:41:42 GMT+07:00">
  <testcase classname="testCases.TC_FP_001_ResetPasswordTest" name="reset_password_function" time="13.667">
    <failure type="java.lang.AssertionError" message="No matching messages found in time. By default, only messages received in the last hour are checked (use receivedAfter to override this).">
      <![CDATA[java.lang.AssertionError: No matching messages found in time. By default, only messages received in the last hour are checked (use receivedAfter to override this).
at testCases.TC_FP_001_ResetPasswordTest.reset_password_function(TC_FP_001_ResetPasswordTest.java:101)
at java.base/java.util.ArrayList.forEach(ArrayList.java:1604)
... Removed 26 stack frames]]>
    </failure>
  </testcase> <!-- reset_password_function -->
  <testcase classname="testCases.TC_FP_002_ResetPasswordEmailTest" name="validate_reset_password_email" time="0.0">
    <skipped/>
  </testcase> <!-- validate_reset_password_email -->
  <testcase classname="testCases.TC_FP_003_LoginWithResetedPasswordTest" name="validate_login_with_new_password" time="0.0">
    <skipped/>
  </testcase> <!-- validate_login_with_new_password -->
  <testcase classname="testCases.TC_FP_004_LoginWithOldPasswordTest" name="validate_login_with_old_password" time="0.0">
    <skipped/>
  </testcase> <!-- validate_login_with_old_password -->
  <testcase classname="testCases.TC_LF_001_LoginTest" name="verify_login" time="0.0">
    <ignored/>
  </testcase> <!-- verify_login -->
  <testcase classname="testCases.TC_LF_009_LoginAndBrowserBackingTest" name="verify_backing_after_login" time="0.0">
    <ignored/>
  </testcase> <!-- verify_backing_after_login -->
  <testcase classname="testCases.TC_RF_013_FieldsPlaceholderTest" name="validate_fields_placeholder" time="0.0">
    <ignored/>
  </testcase> <!-- validate_fields_placeholder -->
  <testcase classname="testCases.TC_RF_022_PasswordFieldsCoveringTest" name="validate_password_fields_is_hidden" time="0.0">
    <ignored/>
  </testcase> <!-- validate_password_fields_is_hidden -->
  <testcase classname="testCases.TC_LF_014_CopyingPasswordTxtTest" name="validate_password_copy_function_blocked" time="0.0">
    <ignored/>
  </testcase> <!-- validate_password_copy_function_blocked -->
  <testcase classname="testCases.TC_RF_007_RegisterAccountPageNavigatingTest" name="verify_different_ways_of_navigating" time="0.0">
    <ignored/>
  </testcase> <!-- verify_different_ways_of_navigating -->
  <testcase classname="testCases.TC_LF_006_ForgottenPasswordLinkTest" name="validate_forgotten_password" time="0.0">
    <ignored/>
  </testcase> <!-- validate_forgotten_password -->
  <testcase classname="testCases.TC_LG_003_LoginSessionTest" name="verify_login_browser_session" time="0.0">
    <ignored/>
  </testcase> <!-- verify_login_browser_session -->
  <testcase classname="testCases.TC_LF_019_LoginPageLinksTest" name="verify_loginpage_links" time="0.0">
    <ignored/>
  </testcase> <!-- verify_loginpage_links -->
  <testcase classname="testCases.TC_RF_020_PolicyCheckboxTest" name="validate_policy_checkbox_status" time="0.0">
    <ignored/>
  </testcase> <!-- validate_policy_checkbox_status -->
  <testcase classname="testCases.TC_LF_010_BackingAfterLoginTest" name="verify_backing_after_logout" time="0.0">
    <ignored/>
  </testcase> <!-- verify_backing_after_logout -->
  <testcase classname="testCases.TC_LF_013_PasswordFieldsCoveringTest" name="validate_password_fields_is_hidden" time="0.0">
    <ignored/>
  </testcase> <!-- validate_password_fields_is_hidden -->
  <testcase classname="testCases.TC_LF_017_LoginSessionTest" name="verify_login_browser_session" time="0.0">
    <ignored/>
  </testcase> <!-- verify_login_browser_session -->
  <testcase classname="testCases.TC_LF_020_LoginPageAccessTest" name="verify_loginpage_access_links" time="0.0">
    <ignored/>
  </testcase> <!-- verify_loginpage_access_links -->
  <testcase classname="testCases.TC_RF_014_RequiredMarkTest" name="validate_required_field_asterisk" time="0.0">
    <ignored/>
  </testcase> <!-- validate_required_field_asterisk -->
  <testcase classname="testCases.TC_RF_012_KeyboardKeysRegistrationTest" name="validate_registration_with_Keyboard" time="0.0">
    <ignored/>
  </testcase> <!-- validate_registration_with_Keyboard -->
  <testcase classname="testCases.TC_LF_007_KeyboardKeysLoginTest" name="verify_login_with_keyboard_keys" time="0.0">
    <ignored/>
  </testcase> <!-- verify_login_with_keyboard_keys -->
  <testcase classname="testCases.TC_LG_001_LogoutByHeaderMenuTest" name="verify_logout" time="0.0">
    <ignored/>
  </testcase> <!-- verify_logout -->
  <testcase classname="testCases.TC_LF_018_LoginSessionTimeOutTest" name="verify_login_login_session_timeout" time="0.0">
    <ignored/>
  </testcase> <!-- verify_login_login_session_timeout -->
  <testcase classname="testCases.TC_LF_021_BreadscrumbHeadingURLTitleTest" name="validate_breadcrumbs_heading_url_title" time="0.0">
    <ignored/>
  </testcase> <!-- validate_breadcrumbs_heading_url_title -->
  <testcase classname="testCases.TC_LG_002_LogoutByButtonGroupMenuTest" name="verify_logout_through_btn_group" time="0.0">
    <ignored/>
  </testcase> <!-- verify_logout_through_btn_group -->
  <testcase classname="testCases.TC_RF_011_InvalidPhoneNumberRegistrationTest" name="validate_registration_with_invalid_phone_number" time="0.0">
    <ignored/>
  </testcase> <!-- validate_registration_with_invalid_phone_number -->
  <testcase classname="testCases.TC_SF_001_SearchExistingProductTest" name="validate_search_existing_product" time="0.0">
    <ignored/>
  </testcase> <!-- validate_search_existing_product -->
  <testcase classname="testCases.TC_RF_016_SpaceInputRegistrationTest" name="validate_registration_with_space_input" time="0.0">
    <ignored/>
  </testcase> <!-- validate_registration_with_space_input -->
  <testcase classname="testCases.TC_LF_016_ChangingPasswordLoginTest" name="validate_login_after_changing_password" time="0.0">
    <ignored/>
  </testcase> <!-- validate_login_after_changing_password -->
  <testcase classname="testCases.TC_RF_010_InvalidEmailRegistrationTest" name="validate_registration_with_invalid_email" time="0.0">
    <ignored/>
  </testcase> <!-- validate_registration_with_invalid_email -->
  <testcase classname="testCases.TC_LF_004_InvalidPasswordLoginTest" name="verify_login_with_invalid_password" time="0.0">
    <ignored/>
  </testcase> <!-- verify_login_with_invalid_password -->
  <testcase classname="testCases.TC_RF_004_WarningMessageTest" name="verify_required_field_warning" time="0.0">
    <ignored/>
  </testcase> <!-- verify_required_field_warning -->
  <testcase classname="testCases.TC_RF_023_AccountRegistrationPageLinksTest" name="validate_on_page_links" time="0.0">
    <ignored/>
  </testcase> <!-- validate_on_page_links -->
  <testcase classname="testCases.TC_LF_015_PasswordPageSourceTest" name="validate_password_copy_function_blocked" time="0.0">
    <ignored/>
  </testcase> <!-- validate_password_copy_function_blocked -->
  <testcase classname="testCases.TC_RF_008_ConfirmPasswordTest" name="validate_different_confirm_password" time="0.0">
    <ignored/>
  </testcase> <!-- validate_different_confirm_password -->
  <testcase classname="testCases.TC_LF_012_InvalidLoginSpamTest" name="verify_invalid_login_spam" time="0.0">
    <ignored/>
  </testcase> <!-- verify_invalid_login_spam -->
  <testcase classname="testCases.TC_RF_001_AccountRegistrationTest" name="verify_account_registration" time="0.0">
    <ignored/>
  </testcase> <!-- verify_account_registration -->
  <testcase classname="testCases.TC_LF_008_FieldsPlaceholderTest" name="validate_fields_placeholders" time="0.0">
    <ignored/>
  </testcase> <!-- validate_fields_placeholders -->
  <testcase classname="testCases.TC_LF_002_InvalidLoginTest" name="verify_login_with_invalid_account_info" time="0.0">
    <ignored/>
  </testcase> <!-- verify_login_with_invalid_account_info -->
  <testcase classname="testCases.TC_LF_003_InvalidEmailLoginTest" name="verify_login_with_invalid_email" time="0.0">
    <ignored/>
  </testcase> <!-- verify_login_with_invalid_email -->
  <testcase classname="testCases.TC_LG_009_BreadscrumbHeadingURLTitleTest" name="validate_breadcrumbs_heading_url_title" time="0.0">
    <ignored/>
  </testcase> <!-- validate_breadcrumbs_heading_url_title -->
  <testcase classname="testCases.TC_RF_019_LeadingTrailingSpacesTrimmingRegistrationTest" name="verify_account_registration_with_leading_trailing" time="0.0">
    <ignored/>
  </testcase> <!-- verify_account_registration_with_leading_trailing -->
  <testcase classname="testCases.TC_LF_005_NoncredentialLoginTest" name="verify_login_without_credentials" time="0.0">
    <ignored/>
  </testcase> <!-- verify_login_without_credentials -->
  <testcase classname="testCases.TC_LG_004_LogoutAndBackingTest" name="verify_logout_backing" time="0.0">
    <ignored/>
  </testcase> <!-- verify_logout_backing -->
  <testcase classname="testCases.TC_LG_008_LogoutLoginSequencingTest" name="verify_login" time="0.0">
    <ignored/>
  </testcase> <!-- verify_login -->
  <testcase classname="testCases.TC_RF_025_BreadscrumbHeadingURLTitleTest" name="validate_breadcrumbs_heading_url_title" time="0.0">
    <ignored/>
  </testcase> <!-- validate_breadcrumbs_heading_url_title -->
  <testcase classname="testCases.TC_RF_017_PasswordComplexityRegistrationTest" name="verify_password_complexity_standards" time="0.0">
    <ignored/>
  </testcase> <!-- verify_password_complexity_standards -->
  <testcase classname="testCases.TC_LG_005_MALogoutOptionTest" name="verify_logout_btn_before_login" time="0.0">
    <ignored/>
  </testcase> <!-- verify_logout_btn_before_login -->
  <testcase classname="testCases.TC_RF_024_RegistrationWithoutConfirmPasswordTest" name="validate_registration_without_filling_passwordConfirm" time="0.0">
    <ignored/>
  </testcase> <!-- validate_registration_without_filling_passwordConfirm -->
  <testcase classname="testCases.TC_LG_006_BtnGrpLogoutOptionTest" name="verify_logout_btn_grp_before_login" time="0.0">
    <ignored/>
  </testcase> <!-- verify_logout_btn_grp_before_login -->
  <testcase classname="testCases.TC_RF_009_UsedEmailRegistrationTest" name="validate_registration_with_used_email" time="0.0">
    <ignored/>
  </testcase> <!-- validate_registration_with_used_email -->
  <testcase classname="testCases.TC_RF_021_UncheckedPrivacyPolicyRegistrationTest" name="validate_registration_without_checking_privacy_policy_checkbox" time="0.0">
    <ignored/>
  </testcase> <!-- validate_registration_without_checking_privacy_policy_checkbox -->
</testsuite> <!-- Test -->
