<?xml version="1.0" encoding="UTF-8"?>
<!-- Generated by org.testng.reporters.JUnitXMLReporter -->
<testsuite ignored="41" hostname="DESKTOP-2G546S3" failures="0" tests="1" name="Test" time="10.125" errors="0" timestamp="2026-07-22T21:08:04 GMT+07:00">
  <testcase classname="testCases.ProductCompare.TC_PC_006_ProductCompareAddingProductFromProductDisplayPageTest" name="adding_product_to_compare_product_display_page_related_product" time="4.607"/>
  <testcase classname="testCases.Register.TC_RF_023_AccountRegistrationPageLinksTest" name="validate_on_page_links" time="0.0">
    <ignored/>
  </testcase> <!-- validate_on_page_links -->
  <testcase classname="testCases.Register.TC_RF_008_ConfirmPasswordTest" name="validate_different_confirm_password" time="0.0">
    <ignored/>
  </testcase> <!-- validate_different_confirm_password -->
  <testcase classname="testCases.Search.TC_SF_009_SearchExistingProductSelectingCategoryTest" name="validate_search_product_with_selecting_category" time="0.0">
    <ignored/>
  </testcase> <!-- validate_search_product_with_selecting_category -->
  <testcase classname="testCases.Register.TC_RF_007_RegisterAccountPageNavigatingTest" name="verify_different_ways_of_navigating" time="0.0">
    <ignored/>
  </testcase> <!-- verify_different_ways_of_navigating -->
  <testcase classname="testCases.Search.TC_SF_004_SearchAfterLoginTest" name="search_after_login" time="0.0">
    <ignored/>
  </testcase> <!-- search_after_login -->
  <testcase classname="testCases.Register.TC_RF_009_UsedEmailRegistrationTest" name="validate_registration_with_used_email" time="0.0">
    <ignored/>
  </testcase> <!-- validate_registration_with_used_email -->
  <testcase classname="testCases.Register.TC_RF_012_KeyboardKeysRegistrationTest" name="validate_registration_with_Keyboard" time="0.0">
    <ignored/>
  </testcase> <!-- validate_registration_with_Keyboard -->
  <testcase classname="testCases.Search.TC_SF_008_SearchExistingProductDescriptionTest" name="validate_search_product_with_description_functionality" time="0.0">
    <ignored/>
  </testcase> <!-- validate_search_product_with_description_functionality -->
  <testcase classname="testCases.Search.TC_SF_003_SearchEmptyTest" name="empty_search" time="0.0">
    <ignored/>
  </testcase> <!-- empty_search -->
  <testcase classname="testCases.Register.TC_RF_001_AccountRegistrationTest" name="verify_account_registration" time="0.0">
    <ignored/>
  </testcase> <!-- verify_account_registration -->
  <testcase classname="testCases.Register.TC_RF_014_RequiredMarkTest" name="validate_required_field_asterisk" time="0.0">
    <ignored/>
  </testcase> <!-- validate_required_field_asterisk -->
  <testcase classname="testCases.Register.TC_RF_021_UncheckedPrivacyPolicyRegistrationTest" name="validate_registration_without_checking_privacy_policy_checkbox" time="0.0">
    <ignored/>
  </testcase> <!-- validate_registration_without_checking_privacy_policy_checkbox -->
  <testcase classname="testCases.Register.TC_RF_025_BreadscrumbHeadingURLTitleTest" name="validate_breadcrumbs_heading_url_title" time="0.0">
    <ignored/>
  </testcase> <!-- validate_breadcrumbs_heading_url_title -->
  <testcase classname="testCases.Search.TC_SF_015_SearchProductNumberOfResultShowTest" name="number_of_search_result_show" time="0.0">
    <ignored/>
  </testcase> <!-- number_of_search_result_show -->
  <testcase classname="testCases.Register.TC_RF_022_PasswordFieldsCoveringTest" name="validate_password_fields_is_hidden" time="0.0">
    <ignored/>
  </testcase> <!-- validate_password_fields_is_hidden -->
  <testcase classname="testCases.Register.TC_RF_019_LeadingTrailingSpacesTrimmingRegistrationTest" name="verify_account_registration_with_leading_trailing" time="0.0">
    <ignored/>
  </testcase> <!-- verify_account_registration_with_leading_trailing -->
  <testcase classname="testCases.Search.TC_SF_019_SearchWithKeyboardTest" name="search_keyboard_actions" time="0.0">
    <ignored/>
  </testcase> <!-- search_keyboard_actions -->
  <testcase classname="testCases.Register.TC_RF_017_PasswordComplexityRegistrationTest" name="verify_password_complexity_standards" time="0.0">
    <ignored/>
  </testcase> <!-- verify_password_complexity_standards -->
  <testcase classname="testCases.Search.TC_SF_014_A_SearchProductSortTest" name="product_comparison_navigate" time="0.0">
    <ignored/>
  </testcase> <!-- product_comparison_navigate -->
  <testcase classname="testCases.Search.TC_SF_010_SearchExistingProductSubcategoryCheckTest" name="validate_search_product_with_selecting_subcategory" time="0.0">
    <ignored/>
  </testcase> <!-- validate_search_product_with_selecting_subcategory -->
  <testcase classname="testCases.Search.TC_SF_002_SearchNonExistingProductTest" name="validate_search_non_existing_product" time="0.0">
    <ignored/>
  </testcase> <!-- validate_search_non_existing_product -->
  <testcase classname="testCases.Search.TC_SF_005_SearchMultipleExistingProductTest" name="validate_search_multiple_existing_product" time="0.0">
    <ignored/>
  </testcase> <!-- validate_search_multiple_existing_product -->
  <testcase classname="testCases.Search.TC_SF_018_SearchPageBreadcrumbTest" name="search_page_breadcrumb" time="0.0">
    <ignored/>
  </testcase> <!-- search_page_breadcrumb -->
  <testcase classname="testCases.Search.TC_SF_007_SearchExistingProductCriteriaInputTest" name="validate_search_criteria_functionality" time="0.0">
    <ignored/>
  </testcase> <!-- validate_search_criteria_functionality -->
  <testcase classname="testCases.Search.TC_SF_016_SearchComponentVisibilityTest" name="search_component_visibility" time="0.0">
    <ignored/>
  </testcase> <!-- search_component_visibility -->
  <testcase classname="testCases.Register.TC_RF_010_InvalidEmailRegistrationTest" name="validate_registration_with_invalid_email" time="0.0">
    <ignored/>
  </testcase> <!-- validate_registration_with_invalid_email -->
  <testcase classname="testCases.Register.TC_RF_016_SpaceInputRegistrationTest" name="validate_registration_with_space_input" time="0.0">
    <ignored/>
  </testcase> <!-- validate_registration_with_space_input -->
  <testcase classname="testCases.Search.TC_SF_006_SearchInputPlaceholderTest" name="validate_search_input_placeholder" time="0.0">
    <ignored/>
  </testcase> <!-- validate_search_input_placeholder -->
  <testcase classname="testCases.Search.TC_SF_020_SearchPageHeadingURLTitleTest" name="search_page_heading_title_url" time="0.0">
    <ignored/>
  </testcase> <!-- search_page_heading_title_url -->
  <testcase classname="testCases.Search.TC_SF_013_ProductComparePageTest" name="product_comparison_navigate" time="0.0">
    <ignored/>
  </testcase> <!-- product_comparison_navigate -->
  <testcase classname="testCases.Register.TC_RF_020_PolicyCheckboxTest" name="validate_policy_checkbox_status" time="0.0">
    <ignored/>
  </testcase> <!-- validate_policy_checkbox_status -->
  <testcase classname="testCases.Search.TC_SF_012_B_SearchMultipleProductGridViewTest" name="validate_multiple_search_results_Grid_view" time="0.0">
    <ignored/>
  </testcase> <!-- validate_multiple_search_results_Grid_view -->
  <testcase classname="testCases.Register.TC_RF_013_FieldsPlaceholderTest" name="validate_fields_placeholder" time="0.0">
    <ignored/>
  </testcase> <!-- validate_fields_placeholder -->
  <testcase classname="testCases.Search.TC_SF_011_B_SearchSingleProductGridViewTest" name="validate_single_search_result_grid_view" time="0.0">
    <ignored/>
  </testcase> <!-- validate_single_search_result_grid_view -->
  <testcase classname="testCases.Register.TC_RF_004_WarningMessageTest" name="verify_required_field_warning" time="0.0">
    <ignored/>
  </testcase> <!-- verify_required_field_warning -->
  <testcase classname="testCases.Search.TC_SF_011_A_SearchSingleProductListViewTest" name="validate_single_search_result_list_view" time="0.0">
    <ignored/>
  </testcase> <!-- validate_single_search_result_list_view -->
  <testcase classname="testCases.Search.TC_SF_017_SearchPageSiteMapNavigationTest" name="access_search_page_from_sitemap" time="0.0">
    <ignored/>
  </testcase> <!-- access_search_page_from_sitemap -->
  <testcase classname="testCases.Register.TC_RF_011_InvalidPhoneNumberRegistrationTest" name="validate_registration_with_invalid_phone_number" time="0.0">
    <ignored/>
  </testcase> <!-- validate_registration_with_invalid_phone_number -->
  <testcase classname="testCases.Search.TC_SF_001_SearchExistingProductTest" name="validate_search_existing_product" time="0.0">
    <ignored/>
  </testcase> <!-- validate_search_existing_product -->
  <testcase classname="testCases.Register.TC_RF_024_RegistrationWithoutConfirmPasswordTest" name="validate_registration_without_filling_passwordConfirm" time="0.0">
    <ignored/>
  </testcase> <!-- validate_registration_without_filling_passwordConfirm -->
  <testcase classname="testCases.Search.TC_SF_012_A_SearchMultipleProductListViewTest" name="validate_multiple_search_results_list_view" time="0.0">
    <ignored/>
  </testcase> <!-- validate_multiple_search_results_list_view -->
</testsuite> <!-- Test -->
