<?xml version="1.0" encoding="UTF-8"?>
<testng-results ignored="69" total="70" passed="1" failed="0" skipped="0">
  <reporter-output>
  </reporter-output>
  <suite started-at="2026-07-03T23:09:21 GMT+07:00" name="Suite" finished-at="2026-07-03T23:09:24 GMT+07:00" duration-ms="2649">
    <groups>
      <group name="search">
        <method signature="TC_SF_005_SearchMultipleExistingProductTest.validate_search_multiple_existing_product()[pri:0, instance:testCases.TC_SF_005_SearchMultipleExistingProductTest@6025e1b6]" name="validate_search_multiple_existing_product" class="testCases.TC_SF_005_SearchMultipleExistingProductTest"/>
      </group> <!-- search -->
      <group name="master">
        <method signature="TC_SF_005_SearchMultipleExistingProductTest.validate_search_multiple_existing_product()[pri:0, instance:testCases.TC_SF_005_SearchMultipleExistingProductTest@6025e1b6]" name="validate_search_multiple_existing_product" class="testCases.TC_SF_005_SearchMultipleExistingProductTest"/>
      </group> <!-- master -->
    </groups>
    <test started-at="2026-07-03T23:09:21 GMT+07:00" name="Test" finished-at="2026-07-03T23:09:24 GMT+07:00" duration-ms="2649">
      <class name="testCases.TC_SF_005_SearchMultipleExistingProductTest">
        <test-method is-config="true" signature="setup(java.lang.String,java.lang.String)[pri:0, instance:testCases.TC_SF_005_SearchMultipleExistingProductTest@6025e1b6]" started-at="2026-07-03T23:09:21 GMT+07:00" name="setup" finished-at="2026-07-03T23:09:23 GMT+07:00" duration-ms="1973" status="PASS">
          <params>
            <param index="0">
              <value>
                <![CDATA[windows]]>
              </value>
            </param>
            <param index="1">
              <value>
                <![CDATA[chrome]]>
              </value>
            </param>
          </params>
          <reporter-output>
          </reporter-output>
        </test-method> <!-- setup -->
        <test-method signature="validate_search_multiple_existing_product()[pri:0, instance:testCases.TC_SF_005_SearchMultipleExistingProductTest@6025e1b6]" started-at="2026-07-03T23:09:23 GMT+07:00" name="validate_search_multiple_existing_product" finished-at="2026-07-03T23:09:23 GMT+07:00" duration-ms="441" status="PASS">
          <reporter-output>
          </reporter-output>
        </test-method> <!-- validate_search_multiple_existing_product -->
        <test-method is-config="true" signature="tearDown()[pri:0, instance:testCases.TC_SF_005_SearchMultipleExistingProductTest@6025e1b6]" started-at="2026-07-03T23:09:23 GMT+07:00" name="tearDown" finished-at="2026-07-03T23:09:24 GMT+07:00" duration-ms="83" status="PASS">
          <reporter-output>
          </reporter-output>
        </test-method> <!-- tearDown -->
      </class> <!-- testCases.TC_SF_005_SearchMultipleExistingProductTest -->
    </test> <!-- Test -->
  </suite> <!-- Suite -->
</testng-results>
