<?xml version="1.0" encoding="UTF-8"?>
<testng-results ignored="65" total="66" passed="0" failed="1" skipped="0">
  <reporter-output>
  </reporter-output>
  <suite started-at="2026-08-15T17:09:20 GMT+07:00" name="Suite" finished-at="2026-08-15T17:09:26 GMT+07:00" duration-ms="5774">
    <groups>
      <group name="product display">
        <method signature="TC_PDP_006_ProductDisplayPageNegativeQuantityTest.validate_product_quantity_display()[pri:0, instance:testCases.ProductDisplayPage.TC_PDP_006_ProductDisplayPageNegativeQuantityTest@443118b0]" name="validate_product_quantity_display" class="testCases.ProductDisplayPage.TC_PDP_006_ProductDisplayPageNegativeQuantityTest"/>
      </group> <!-- product display -->
      <group name="master">
        <method signature="TC_PDP_006_ProductDisplayPageNegativeQuantityTest.validate_product_quantity_display()[pri:0, instance:testCases.ProductDisplayPage.TC_PDP_006_ProductDisplayPageNegativeQuantityTest@443118b0]" name="validate_product_quantity_display" class="testCases.ProductDisplayPage.TC_PDP_006_ProductDisplayPageNegativeQuantityTest"/>
      </group> <!-- master -->
    </groups>
    <test started-at="2026-08-15T17:09:20 GMT+07:00" name="Test" finished-at="2026-08-15T17:09:26 GMT+07:00" duration-ms="5774">
      <class name="testCases.ProductDisplayPage.TC_PDP_006_ProductDisplayPageNegativeQuantityTest">
        <test-method is-config="true" signature="setup(java.lang.String,java.lang.String)[pri:0, instance:testCases.ProductDisplayPage.TC_PDP_006_ProductDisplayPageNegativeQuantityTest@443118b0]" started-at="2026-08-15T17:09:21 GMT+07:00" name="setup" finished-at="2026-08-15T17:09:24 GMT+07:00" duration-ms="3672" status="PASS">
          <params>
            <param index="0">
              <value>
                <![CDATA[windows]]>
              </value>
            </param>
            <param index="1">
              <value>
                <![CDATA[firefox]]>
              </value>
            </param>
          </params>
          <reporter-output>
          </reporter-output>
        </test-method> <!-- setup -->
        <test-method signature="validate_product_quantity_display()[pri:0, instance:testCases.ProductDisplayPage.TC_PDP_006_ProductDisplayPageNegativeQuantityTest@443118b0]" started-at="2026-08-15T17:09:24 GMT+07:00" name="validate_product_quantity_display" finished-at="2026-08-15T17:09:26 GMT+07:00" duration-ms="1309" status="FAIL">
          <exception class="java.lang.AssertionError">
            <message>
              <![CDATA[Missing warning for negative quantity value! |  expected [true] but found [false]]]>
            </message>
            <full-stacktrace>
              <![CDATA[java.lang.AssertionError: Missing warning for negative quantity value! |  expected [true] but found [false]
at org.testng.Assert.fail(Assert.java:111)
at org.testng.Assert.failNotEquals(Assert.java:1590)
at org.testng.Assert.assertEqualsImpl(Assert.java:150)
at org.testng.Assert.assertEquals(Assert.java:132)
at org.testng.Assert.assertEquals(Assert.java:1079)
at org.testng.Assert.assertEquals(Assert.java:1043)
at testCases.ProductDisplayPage.TC_PDP_006_ProductDisplayPageNegativeQuantityTest.validate_product_quantity_display(TC_PDP_006_ProductDisplayPageNegativeQuantityTest.java:38)
at java.base/jdk.internal.reflect.DirectMethodHandleAccessor.invoke(DirectMethodHandleAccessor.java:104)
at java.base/java.lang.reflect.Method.invoke(Method.java:565)
at org.testng.internal.invokers.MethodInvocationHelper.invokeMethod(MethodInvocationHelper.java:141)
at org.testng.internal.invokers.TestInvoker.invokeMethod(TestInvoker.java:697)
at org.testng.internal.invokers.TestInvoker.invokeTestMethod(TestInvoker.java:230)
at org.testng.internal.invokers.MethodRunner.runInSequence(MethodRunner.java:63)
at org.testng.internal.invokers.TestInvoker$MethodInvocationAgent.invoke(TestInvoker.java:1005)
at org.testng.internal.invokers.TestInvoker.invokeTestMethods(TestInvoker.java:203)
at org.testng.internal.invokers.TestMethodWorker.invokeTestMethods(TestMethodWorker.java:154)
at org.testng.internal.invokers.TestMethodWorker.run(TestMethodWorker.java:134)
at java.base/java.util.ArrayList.forEach(ArrayList.java:1604)
at org.testng.TestRunner.privateRun(TestRunner.java:744)
at org.testng.TestRunner.run(TestRunner.java:616)
at org.testng.SuiteRunner.runTest(SuiteRunner.java:421)
at org.testng.SuiteRunner.runSequentially(SuiteRunner.java:413)
at org.testng.SuiteRunner.privateRun(SuiteRunner.java:373)
at org.testng.SuiteRunner.run(SuiteRunner.java:312)
at org.testng.SuiteRunnerWorker.runSuite(SuiteRunnerWorker.java:52)
at org.testng.SuiteRunnerWorker.run(SuiteRunnerWorker.java:95)
at org.testng.TestNG.runSuitesSequentially(TestNG.java:1274)
at org.testng.TestNG.runSuitesLocally(TestNG.java:1208)
at org.testng.TestNG.runSuites(TestNG.java:1112)
at org.testng.TestNG.run(TestNG.java:1079)
at org.testng.remote.AbstractRemoteTestNG.run(AbstractRemoteTestNG.java:115)
at org.testng.remote.RemoteTestNG.initAndRun(RemoteTestNG.java:293)
at org.testng.remote.RemoteTestNG.main(RemoteTestNG.java:91)
]]>
            </full-stacktrace>
          </exception> <!-- java.lang.AssertionError -->
          <reporter-output>
          </reporter-output>
        </test-method> <!-- validate_product_quantity_display -->
        <test-method is-config="true" signature="tearDown()[pri:0, instance:testCases.ProductDisplayPage.TC_PDP_006_ProductDisplayPageNegativeQuantityTest@443118b0]" started-at="2026-08-15T17:09:26 GMT+07:00" name="tearDown" finished-at="2026-08-15T17:09:26 GMT+07:00" duration-ms="563" status="PASS">
          <reporter-output>
          </reporter-output>
        </test-method> <!-- tearDown -->
      </class> <!-- testCases.ProductDisplayPage.TC_PDP_006_ProductDisplayPageNegativeQuantityTest -->
    </test> <!-- Test -->
  </suite> <!-- Suite -->
</testng-results>
