<?xml version="1.0" encoding="UTF-8"?>
<!-- Generated by org.testng.reporters.JUnitReportReporter -->
<testsuite hostname="DESKTOP-2G546S3" failures="0" tests="1" name="testCases.ProductCompare.TC_PC_013_ProductCompareSuccessMessageTest" time="2.175" errors="0" timestamp="2026-07-28T22:38:39 GMT+07:00" skipped="0">
  <testcase classname="testCases.ProductCompare.TC_PC_013_ProductCompareSuccessMessageTest" name="validate_success_message_links" time="2.175"/>
</testsuite> <!-- testCases.ProductCompare.TC_PC_013_ProductCompareSuccessMessageTest -->
