<?xml version="1.0" encoding="UTF-8"?>
<!-- Generated by org.testng.reporters.JUnitReportReporter -->
<testsuite hostname="DESKTOP-2G546S3" failures="0" tests="1" name="testCases.ProductCompare.TC_PC_011_ProductComparePageNonProductAddedContinueBtnTest" time="1.447" errors="0" timestamp="2026-07-26T17:31:25 GMT+07:00" skipped="0">
  <testcase classname="testCases.ProductCompare.TC_PC_011_ProductComparePageNonProductAddedContinueBtnTest" name="validate_product_comparison_continue_btn" time="1.447"/>
</testsuite> <!-- testCases.ProductCompare.TC_PC_011_ProductComparePageNonProductAddedContinueBtnTest -->
