<?xml version="1.0" encoding="UTF-8"?>
<!-- Generated by org.testng.reporters.JUnitReportReporter -->
<testsuite hostname="DESKTOP-2G546S3" failures="0" tests="3" name="testCases.ProductCompare.TC_PC_018_ProductCompareFourProductsAddedTest" time="12.268" errors="0" timestamp="2026-08-07T21:43:35 GMT+07:00" skipped="0">
  <testcase classname="testCases.ProductCompare.TC_PC_018_ProductCompareFourProductsAddedTest" name="validate_product_comparison_add_two_product" time="4.054"/>
  <testcase classname="testCases.ProductCompare.TC_PC_018_ProductCompareFourProductsAddedTest" name="validate_product_comparison_add_two_product" time="4.171"/>
  <testcase classname="testCases.ProductCompare.TC_PC_018_ProductCompareFourProductsAddedTest" name="validate_product_comparison_add_two_product" time="4.043"/>
</testsuite> <!-- testCases.ProductCompare.TC_PC_018_ProductCompareFourProductsAddedTest -->
