<?xml version="1.0" encoding="UTF-8"?>
<!-- Generated by org.testng.reporters.JUnitReportReporter -->
<testsuite hostname="DESKTOP-2G546S3" failures="0" tests="1" name="testCases.ProductDisplayPage.TC_PDP_001_ProductDisplayPageThumbnailTest" time="43.798" errors="0" timestamp="2026-08-13T22:07:13 GMT+07:00" skipped="0">
  <testcase classname="testCases.ProductDisplayPage.TC_PDP_001_ProductDisplayPageThumbnailTest" name="validate_thumbnail" time="43.798"/>
</testsuite> <!-- testCases.ProductDisplayPage.TC_PDP_001_ProductDisplayPageThumbnailTest -->
