<?xml version="1.0" encoding="UTF-8"?>
<!-- Generated by org.testng.reporters.JUnitReportReporter -->
<testsuite hostname="DESKTOP-2G546S3" failures="0" tests="1" name="testCases.TC_FP_004_LoginWithOldPasswordTest" time="0.000" errors="0" timestamp="2026-06-25T20:30:53 GMT+07:00" skipped="1">
  <testcase classname="testCases.TC_FP_004_LoginWithOldPasswordTest" name="validate_login_with_old_password" time="0.000">
    <skipped/>
  </testcase> <!-- validate_login_with_old_password -->
</testsuite> <!-- testCases.TC_FP_004_LoginWithOldPasswordTest -->
