<?xml version="1.0" encoding="UTF-8"?>
<!-- Generated by org.testng.reporters.JUnitReportReporter -->
<testsuite hostname="DESKTOP-2G546S3" failures="0" tests="3" name="testCases.ProductCompare.TC_PC_015_ProductCompareTwoProductAddedTest" time="7.308" errors="0" timestamp="2026-08-07T21:43:35 GMT+07:00" skipped="0">
  <testcase classname="testCases.ProductCompare.TC_PC_015_ProductCompareTwoProductAddedTest" name="validate_product_comparison_add_two_product" time="2.369"/>
  <testcase classname="testCases.ProductCompare.TC_PC_015_ProductCompareTwoProductAddedTest" name="validate_product_comparison_add_two_product" time="2.563"/>
  <testcase classname="testCases.ProductCompare.TC_PC_015_ProductCompareTwoProductAddedTest" name="validate_product_comparison_add_two_product" time="2.376"/>
</testsuite> <!-- testCases.ProductCompare.TC_PC_015_ProductCompareTwoProductAddedTest -->
