<?xml version="1.0" encoding="UTF-8"?>
<!-- Generated by org.testng.reporters.JUnitReportReporter -->
<testsuite hostname="DESKTOP-2G546S3" failures="0" tests="3" name="testCases.Logout.TC_LG_004_LogoutAndBackingTest" time="18.683" errors="0" timestamp="2026-08-06T22:13:57 GMT+07:00" skipped="0">
  <testcase classname="testCases.Logout.TC_LG_004_LogoutAndBackingTest" name="verify_logout_backing" time="6.085"/>
  <testcase classname="testCases.Logout.TC_LG_004_LogoutAndBackingTest" name="verify_logout_backing" time="6.779"/>
  <testcase classname="testCases.Logout.TC_LG_004_LogoutAndBackingTest" name="verify_logout_backing" time="5.819"/>
</testsuite> <!-- testCases.Logout.TC_LG_004_LogoutAndBackingTest -->
