<?xml version="1.0" encoding="UTF-8"?>
<!-- Generated by org.testng.reporters.JUnitReportReporter -->
<testsuite hostname="DESKTOP-2G546S3" failures="0" tests="3" name="testCases.ProductCompare.TC_PC_006_ProductCompareAddingProductFromProductDisplayPageTest" time="13.676" errors="0" timestamp="2026-08-07T21:43:35 GMT+07:00" skipped="0">
  <testcase classname="testCases.ProductCompare.TC_PC_006_ProductCompareAddingProductFromProductDisplayPageTest" name="adding_product_to_compare_product_display_page_related_product" time="4.215"/>
  <testcase classname="testCases.ProductCompare.TC_PC_006_ProductCompareAddingProductFromProductDisplayPageTest" name="adding_product_to_compare_product_display_page_related_product" time="4.291"/>
  <testcase classname="testCases.ProductCompare.TC_PC_006_ProductCompareAddingProductFromProductDisplayPageTest" name="adding_product_to_compare_product_display_page_related_product" time="5.170"/>
</testsuite> <!-- testCases.ProductCompare.TC_PC_006_ProductCompareAddingProductFromProductDisplayPageTest -->
