<?xml version="1.0" encoding="UTF-8"?>
<!-- Generated by org.testng.reporters.JUnitReportReporter -->
<testsuite hostname="DESKTOP-2G546S3" failures="0" tests="1" name="testCases.ProductCompare.TC_PC_006_ProductCompareAddingProductFromProductDisplayPageTest" time="4.607" errors="0" timestamp="2026-07-22T21:08:04 GMT+07:00" skipped="0">
  <testcase classname="testCases.ProductCompare.TC_PC_006_ProductCompareAddingProductFromProductDisplayPageTest" name="adding_product_to_compare_product_display_page_related_product" time="4.607"/>
</testsuite> <!-- testCases.ProductCompare.TC_PC_006_ProductCompareAddingProductFromProductDisplayPageTest -->
