<?xml version="1.0" encoding="UTF-8"?>
<!-- Generated by org.testng.reporters.JUnitReportReporter -->
<testsuite hostname="DESKTOP-2G546S3" failures="0" tests="3" name="testCases.Logout.TC_LG_005_MALogoutOptionTest" time="30.489" errors="0" timestamp="2026-08-06T22:13:57 GMT+07:00" skipped="0">
  <testcase classname="testCases.Logout.TC_LG_005_MALogoutOptionTest" name="verify_logout_btn_before_login" time="10.143"/>
  <testcase classname="testCases.Logout.TC_LG_005_MALogoutOptionTest" name="verify_logout_btn_before_login" time="10.275"/>
  <testcase classname="testCases.Logout.TC_LG_005_MALogoutOptionTest" name="verify_logout_btn_before_login" time="10.071"/>
</testsuite> <!-- testCases.Logout.TC_LG_005_MALogoutOptionTest -->
