<?xml version="1.0" encoding="UTF-8"?>
<!-- Generated by org.testng.reporters.JUnitReportReporter -->
<testsuite hostname="DESKTOP-2G546S3" failures="0" tests="1" name="testCases.ProductCompare.TC_PC_020_ProductCompareAddtoCartTest" time="1.443" errors="0" timestamp="2026-08-01T18:03:20 GMT+07:00" skipped="0">
  <testcase classname="testCases.ProductCompare.TC_PC_020_ProductCompareAddtoCartTest" name="validate_adding_a_product_cart" time="1.443"/>
</testsuite> <!-- testCases.ProductCompare.TC_PC_020_ProductCompareAddtoCartTest -->
