<?xml version="1.0" encoding="UTF-8"?>
<!-- Generated by org.testng.reporters.JUnitReportReporter -->
<testsuite hostname="DESKTOP-2G546S3" failures="0" tests="1" name="testCases.TC_SF_005_SearchMultipleExistingProductTest" time="0.441" errors="0" timestamp="2026-07-03T23:09:24 GMT+07:00" skipped="0">
  <testcase classname="testCases.TC_SF_005_SearchMultipleExistingProductTest" name="validate_search_multiple_existing_product" time="0.441"/>
</testsuite> <!-- testCases.TC_SF_005_SearchMultipleExistingProductTest -->
