<?xml version="1.0" encoding="UTF-8"?>
<!-- Generated by org.testng.reporters.JUnitReportReporter -->
<testsuite hostname="DESKTOP-2G546S3" failures="0" tests="1" name="testCases.TC_FP_007_ResetPasswordFieldsTest" time="0.000" errors="0" timestamp="2026-06-27T13:39:50 GMT+07:00" skipped="1">
  <testcase classname="testCases.TC_FP_007_ResetPasswordFieldsTest" name="reset_password_passwordfields_validation" time="0.000">
    <skipped/>
  </testcase> <!-- reset_password_passwordfields_validation -->
</testsuite> <!-- testCases.TC_FP_007_ResetPasswordFieldsTest -->
