<?xml version="1.0" encoding="UTF-8"?>
<!-- Generated by org.testng.reporters.JUnitReportReporter -->
<testsuite hostname="DESKTOP-2G546S3" failures="0" tests="1" name="testCases.ProductCompare.TC_PC_017_ProductCompareThreeProductsAddedTest" time="3.342" errors="0" timestamp="2026-07-30T22:30:42 GMT+07:00" skipped="0">
  <testcase classname="testCases.ProductCompare.TC_PC_017_ProductCompareThreeProductsAddedTest" name="validate_product_comparison_add_two_product" time="3.342"/>
</testsuite> <!-- testCases.ProductCompare.TC_PC_017_ProductCompareThreeProductsAddedTest -->
