<?xml version="1.0" encoding="UTF-8"?>
<!-- Generated by org.testng.reporters.JUnitReportReporter -->
<testsuite hostname="DESKTOP-2G546S3" failures="0" tests="1" name="testCases.ProductCompare.TC_PC_004_ProductCompareAddingProductFromCategoryPageListViewTest" time="4.054" errors="0" timestamp="2026-07-21T22:19:39 GMT+07:00" skipped="0">
  <testcase classname="testCases.ProductCompare.TC_PC_004_ProductCompareAddingProductFromCategoryPageListViewTest" name="adding_product_to_compare_list_view_category" time="4.054"/>
</testsuite> <!-- testCases.ProductCompare.TC_PC_004_ProductCompareAddingProductFromCategoryPageListViewTest -->
