<?xml version="1.0" encoding="UTF-8"?>
<!-- Generated by org.testng.reporters.JUnitReportReporter -->
<testsuite hostname="DESKTOP-2G546S3" failures="0" tests="1" name="testCases.TC_SF_002_SearchNonExistingProductTest" time="10.293" errors="0" timestamp="2026-07-02T21:14:36 GMT+07:00" skipped="0">
  <testcase classname="testCases.TC_SF_002_SearchNonExistingProductTest" name="validate_search_non_existing_product" time="10.293"/>
</testsuite> <!-- testCases.TC_SF_002_SearchNonExistingProductTest -->
