<?xml version="1.0" encoding="UTF-8"?>
<!-- Generated by org.testng.reporters.JUnitReportReporter -->
<testsuite hostname="DESKTOP-2G546S3" failures="0" tests="3" name="testCases.ProductCompare.TC_PC_007_ProductCompareAddingProductFromHomePageTest" time="10.877" errors="0" timestamp="2026-08-07T21:43:35 GMT+07:00" skipped="0">
  <testcase classname="testCases.ProductCompare.TC_PC_007_ProductCompareAddingProductFromHomePageTest" name="adding_product_to_compare_homepage_featured_section" time="3.646"/>
  <testcase classname="testCases.ProductCompare.TC_PC_007_ProductCompareAddingProductFromHomePageTest" name="adding_product_to_compare_homepage_featured_section" time="3.573"/>
  <testcase classname="testCases.ProductCompare.TC_PC_007_ProductCompareAddingProductFromHomePageTest" name="adding_product_to_compare_homepage_featured_section" time="3.658"/>
</testsuite> <!-- testCases.ProductCompare.TC_PC_007_ProductCompareAddingProductFromHomePageTest -->
