<?xml version="1.0" encoding="UTF-8"?>
<!-- Generated by org.testng.reporters.JUnitReportReporter -->
<testsuite hostname="DESKTOP-2G546S3" failures="0" tests="2" name="testCases.Search.TC_SF_011_A_SearchSingleProductListViewTest" time="3.948" errors="0" timestamp="2026-07-18T12:01:30 GMT+07:00" skipped="0">
  <testcase classname="testCases.Search.TC_SF_011_A_SearchSingleProductListViewTest" name="validate_single_search_result_list_view" time="2.336"/>
  <testcase classname="testCases.Search.TC_SF_011_A_SearchSingleProductListViewTest" name="validate_single_search_result_list_view" time="1.612"/>
</testsuite> <!-- testCases.Search.TC_SF_011_A_SearchSingleProductListViewTest -->
