<?xml version="1.0" encoding="UTF-8"?>
<!-- Generated by org.testng.reporters.JUnitReportReporter -->
<testsuite hostname="DESKTOP-2G546S3" failures="0" tests="1" name="testCases.TC_LF_021_BreadscrumbHeadingURLTitleTest" time="0.405" errors="0" timestamp="2026-06-03T19:33:48 GMT+07:00" skipped="0">
  <testcase classname="testCases.TC_LF_021_BreadscrumbHeadingURLTitleTest" name="validate_breadcrumbs_heading_url_title" time="0.405"/>
</testsuite> <!-- testCases.TC_LF_021_BreadscrumbHeadingURLTitleTest -->
