<?xml version="1.0" encoding="UTF-8"?>
<!-- Generated by org.testng.reporters.JUnitReportReporter -->
<testsuite hostname="DESKTOP-2G546S3" failures="0" tests="3" name="testCases.ProductCompare.TC_PC_019_ProductCompareProductsAddingLimitTest" time="14.951" errors="0" timestamp="2026-08-07T21:43:35 GMT+07:00" skipped="0">
  <testcase classname="testCases.ProductCompare.TC_PC_019_ProductCompareProductsAddingLimitTest" name="validate_product_comparison_adding_limit" time="4.850"/>
  <testcase classname="testCases.ProductCompare.TC_PC_019_ProductCompareProductsAddingLimitTest" name="validate_product_comparison_adding_limit" time="4.961"/>
  <testcase classname="testCases.ProductCompare.TC_PC_019_ProductCompareProductsAddingLimitTest" name="validate_product_comparison_adding_limit" time="5.140"/>
</testsuite> <!-- testCases.ProductCompare.TC_PC_019_ProductCompareProductsAddingLimitTest -->
