<?xml version="1.0" encoding="UTF-8"?>
<!-- Generated by org.testng.reporters.JUnitReportReporter -->
<testsuite hostname="DESKTOP-2G546S3" failures="0" tests="1" name="testCases.TC_SF_007_SearchExistingProductCriteriaInputTest" time="0.527" errors="0" timestamp="2026-07-04T16:43:42 GMT+07:00" skipped="0">
  <testcase classname="testCases.TC_SF_007_SearchExistingProductCriteriaInputTest" name="validate_search_criteria_functionality" time="0.527"/>
</testsuite> <!-- testCases.TC_SF_007_SearchExistingProductCriteriaInputTest -->
