<?xml version="1.0" encoding="UTF-8"?>
<!-- Generated by org.testng.reporters.JUnitReportReporter -->
<testsuite hostname="DESKTOP-2G546S3" failures="0" tests="1" name="testCases.ProductCompare.TC_PC_020_B_ProductCompareAddtoCartTest" time="8.027" errors="0" timestamp="2026-08-01T18:40:40 GMT+07:00" skipped="0">
  <testcase classname="testCases.ProductCompare.TC_PC_020_B_ProductCompareAddtoCartTest" name="validate_product_comparison_add_two_product" time="8.027"/>
</testsuite> <!-- testCases.ProductCompare.TC_PC_020_B_ProductCompareAddtoCartTest -->
