<?xml version="1.0" encoding="UTF-8"?>
<!-- Generated by org.testng.reporters.JUnitReportReporter -->
<testsuite hostname="DESKTOP-2G546S3" failures="0" tests="1" name="testCases.TC_RF_021_UncheckedPrivacyPolicyRegistrationTest" time="1.570" errors="0" timestamp="2026-05-18T21:34:09 GMT+07:00" skipped="0">
  <testcase classname="testCases.TC_RF_021_UncheckedPrivacyPolicyRegistrationTest" name="validate_registration_without_checking_privacy_policy_checkbox" time="1.570"/>
</testsuite> <!-- testCases.TC_RF_021_UncheckedPrivacyPolicyRegistrationTest -->
