<?xml version="1.0" encoding="UTF-8"?>
<!-- Generated by org.testng.reporters.JUnitReportReporter -->
<testsuite hostname="DESKTOP-2G546S3" failures="0" tests="3" name="testCases.TC_LG_009_BreadscrumbHeadingURLTitleTest" time="7.193" errors="0" timestamp="2026-06-15T23:33:34 GMT+07:00" skipped="0">
  <testcase classname="testCases.TC_LG_009_BreadscrumbHeadingURLTitleTest" name="validate_breadcrumbs_heading_url_title" time="2.833"/>
  <testcase classname="testCases.TC_LG_009_BreadscrumbHeadingURLTitleTest" name="validate_breadcrumbs_heading_url_title" time="2.842"/>
  <testcase classname="testCases.TC_LG_009_BreadscrumbHeadingURLTitleTest" name="validate_breadcrumbs_heading_url_title" time="1.518"/>
</testsuite> <!-- testCases.TC_LG_009_BreadscrumbHeadingURLTitleTest -->
