<?xml version="1.0" encoding="UTF-8"?>
<!-- Generated by org.testng.reporters.JUnitReportReporter -->
<testsuite hostname="DESKTOP-2G546S3" failures="0" tests="3" name="testCases.Logout.TC_LG_001_LogoutByHeaderMenuTest" time="11.383" errors="0" timestamp="2026-08-06T22:21:43 GMT+07:00" skipped="0">
  <testcase classname="testCases.Logout.TC_LG_001_LogoutByHeaderMenuTest" name="verify_logout" time="2.390"/>
  <testcase classname="testCases.Logout.TC_LG_001_LogoutByHeaderMenuTest" name="verify_logout" time="4.409"/>
  <testcase classname="testCases.Logout.TC_LG_001_LogoutByHeaderMenuTest" name="verify_logout" time="4.584"/>
</testsuite> <!-- testCases.Logout.TC_LG_001_LogoutByHeaderMenuTest -->
