<?xml version="1.0" encoding="UTF-8"?>
<!-- Generated by org.testng.reporters.JUnitReportReporter -->
<testsuite hostname="DESKTOP-2G546S3" failures="0" tests="1" name="testCases.TC_FP_020_ForgottenPasswordRightColumnOptionNavigationTest" time="1.402" errors="0" timestamp="2026-06-28T15:01:49 GMT+07:00" skipped="0">
  <testcase classname="testCases.TC_FP_020_ForgottenPasswordRightColumnOptionNavigationTest" name="forgotten_password_rightColumnOption_navigation_validation" time="1.402"/>
</testsuite> <!-- testCases.TC_FP_020_ForgottenPasswordRightColumnOptionNavigationTest -->
