<?xml version="1.0" encoding="UTF-8"?>
<!-- Generated by org.testng.reporters.JUnitReportReporter -->
<testsuite hostname="DESKTOP-2G546S3" failures="0" tests="3" name="testCases.ProductCompare.TC_PC_022_ProductComparePageHeadingURLTitleTest" time="1.812" errors="0" timestamp="2026-08-07T21:43:35 GMT+07:00" skipped="0">
  <testcase classname="testCases.ProductCompare.TC_PC_022_ProductComparePageHeadingURLTitleTest" name="validate__heading_url_title" time="0.611"/>
  <testcase classname="testCases.ProductCompare.TC_PC_022_ProductComparePageHeadingURLTitleTest" name="validate__heading_url_title" time="0.704"/>
  <testcase classname="testCases.ProductCompare.TC_PC_022_ProductComparePageHeadingURLTitleTest" name="validate__heading_url_title" time="0.497"/>
</testsuite> <!-- testCases.ProductCompare.TC_PC_022_ProductComparePageHeadingURLTitleTest -->
