<?xml version="1.0" encoding="UTF-8"?>
<!-- Generated by org.testng.reporters.JUnitReportReporter -->
<testsuite hostname="DESKTOP-2G546S3" failures="0" tests="1" name="testCases.ProductDisplayPage.TC_PDP_005_ProductDisplayPageDefaultQuantityTest" time="1.496" errors="0" timestamp="2026-08-15T16:47:38 GMT+07:00" skipped="0">
  <testcase classname="testCases.ProductDisplayPage.TC_PDP_005_ProductDisplayPageDefaultQuantityTest" name="validate_product_quantity_display" time="1.496"/>
</testsuite> <!-- testCases.ProductDisplayPage.TC_PDP_005_ProductDisplayPageDefaultQuantityTest -->
