<?xml version="1.0" encoding="UTF-8"?>
<!-- Generated by org.testng.reporters.JUnitReportReporter -->
<testsuite hostname="DESKTOP-2G546S3" failures="0" tests="3" name="testCases.TC_LG_005_MALogoutOptionTest" time="30.309" errors="0" timestamp="2026-06-15T23:33:34 GMT+07:00" skipped="0">
  <testcase classname="testCases.TC_LG_005_MALogoutOptionTest" name="verify_logout_btn_before_login" time="10.129"/>
  <testcase classname="testCases.TC_LG_005_MALogoutOptionTest" name="verify_logout_btn_before_login" time="10.091"/>
  <testcase classname="testCases.TC_LG_005_MALogoutOptionTest" name="verify_logout_btn_before_login" time="10.089"/>
</testsuite> <!-- testCases.TC_LG_005_MALogoutOptionTest -->
