<?xml version="1.0" encoding="UTF-8"?>
<!-- Generated by org.testng.reporters.JUnitReportReporter -->
<testsuite hostname="DESKTOP-2G546S3" failures="0" tests="1" name="testCases.TC_SF_012_B_SearchMultipleProductGridViewTest" time="46.722" errors="0" timestamp="2026-07-10T17:25:29 GMT+07:00" skipped="0">
  <testcase classname="testCases.TC_SF_012_B_SearchMultipleProductGridViewTest" name="validate_multiple_search_results_Grid_view" time="46.722"/>
</testsuite> <!-- testCases.TC_SF_012_B_SearchMultipleProductGridViewTest -->
