<?xml version="1.0" encoding="UTF-8"?>
<!-- Generated by org.testng.reporters.JUnitReportReporter -->
<testsuite hostname="DESKTOP-2G546S3" failures="0" tests="3" name="testCases.Logout.TC_LG_008_LogoutLoginSequencingTest" time="10.279" errors="0" timestamp="2026-08-06T22:13:57 GMT+07:00" skipped="0">
  <testcase classname="testCases.Logout.TC_LG_008_LogoutLoginSequencingTest" name="verify_login" time="2.351"/>
  <testcase classname="testCases.Logout.TC_LG_008_LogoutLoginSequencingTest" name="verify_login" time="4.788"/>
  <testcase classname="testCases.Logout.TC_LG_008_LogoutLoginSequencingTest" name="verify_login" time="3.140"/>
</testsuite> <!-- testCases.Logout.TC_LG_008_LogoutLoginSequencingTest -->
