<?xml version="1.0" encoding="UTF-8"?>
<!-- Generated by org.testng.reporters.JUnitReportReporter -->
<testsuite hostname="DESKTOP-2G546S3" failures="0" tests="1" name="testCases.ProductDisplayPage.TC_PDP_004_ProductDisplayPagePricesTest" time="0.806" errors="0" timestamp="2026-08-13T22:08:08 GMT+07:00" skipped="0">
  <testcase classname="testCases.ProductDisplayPage.TC_PDP_004_ProductDisplayPagePricesTest" name="validate_product_availability_display" time="0.806"/>
</testsuite> <!-- testCases.ProductDisplayPage.TC_PDP_004_ProductDisplayPagePricesTest -->
