<?xml version="1.0" encoding="UTF-8"?>
<!-- Generated by org.testng.reporters.JUnitReportReporter -->
<testsuite hostname="DESKTOP-2G546S3" failures="0" tests="1" name="testCases.TC_RF_024_RegistrationWithoutConfirmPasswordTest" time="1.038" errors="0" timestamp="2026-06-09T22:47:13 GMT+07:00" skipped="0">
  <testcase classname="testCases.TC_RF_024_RegistrationWithoutConfirmPasswordTest" name="validate_registration_without_filling_passwordConfirm" time="1.038"/>
</testsuite> <!-- testCases.TC_RF_024_RegistrationWithoutConfirmPasswordTest -->
