<?xml version="1.0" encoding="UTF-8"?>
<!-- Generated by org.testng.reporters.JUnitReportReporter -->
<testsuite hostname="DESKTOP-2G546S3" failures="0" tests="1" name="testCases.TC_FP_016_ForgottenPasswordEmailPlaceholderTest" time="0.429" errors="0" timestamp="2026-06-28T14:30:30 GMT+07:00" skipped="0">
  <testcase classname="testCases.TC_FP_016_ForgottenPasswordEmailPlaceholderTest" name="email_field_placeholder_validation" time="0.429"/>
</testsuite> <!-- testCases.TC_FP_016_ForgottenPasswordEmailPlaceholderTest -->
