<?xml version="1.0" encoding="UTF-8"?>
<!-- Generated by org.testng.reporters.JUnitReportReporter -->
<testsuite hostname="DESKTOP-2G546S3" failures="0" tests="1" name="testCases.TC_RF_0010_InvalidEmailRegistrationTest" time="61.498" errors="0" timestamp="2026-05-14T06:06:24 GMT+07:00" skipped="0">
  <testcase classname="testCases.TC_RF_0010_InvalidEmailRegistrationTest" name="validate_registration_with_invalid_email" time="61.498"/>
</testsuite> <!-- testCases.TC_RF_0010_InvalidEmailRegistrationTest -->
