<?xml version="1.0" encoding="UTF-8"?>
<!-- Generated by org.testng.reporters.JUnitReportReporter -->
<testsuite hostname="DESKTOP-2G546S3" failures="0" tests="3" name="testCases.TC_FP_020_ForgottenPasswordRightColumnOptionNavigationTest" time="4.499" errors="0" timestamp="2026-06-30T21:04:49 GMT+07:00" skipped="0">
  <testcase classname="testCases.TC_FP_020_ForgottenPasswordRightColumnOptionNavigationTest" name="forgotten_password_rightColumnOption_navigation_validation" time="1.569"/>
  <testcase classname="testCases.TC_FP_020_ForgottenPasswordRightColumnOptionNavigationTest" name="forgotten_password_rightColumnOption_navigation_validation" time="1.513"/>
  <testcase classname="testCases.TC_FP_020_ForgottenPasswordRightColumnOptionNavigationTest" name="forgotten_password_rightColumnOption_navigation_validation" time="1.417"/>
</testsuite> <!-- testCases.TC_FP_020_ForgottenPasswordRightColumnOptionNavigationTest -->
