<?xml version="1.0" encoding="UTF-8"?>
<!-- Generated by org.testng.reporters.JUnitReportReporter -->
<testsuite hostname="DESKTOP-2G546S3" failures="0" tests="3" name="testCases.TC_FP_003_LoginWithResetedPasswordTest" time="0.001" errors="0" timestamp="2026-06-30T21:04:49 GMT+07:00" skipped="3">
  <testcase classname="testCases.TC_FP_003_LoginWithResetedPasswordTest" name="validate_login_with_new_password" time="0.000">
    <skipped/>
  </testcase> <!-- validate_login_with_new_password -->
  <testcase classname="testCases.TC_FP_003_LoginWithResetedPasswordTest" name="validate_login_with_new_password" time="0.000">
    <skipped/>
  </testcase> <!-- validate_login_with_new_password -->
  <testcase classname="testCases.TC_FP_003_LoginWithResetedPasswordTest" name="validate_login_with_new_password" time="0.001">
    <skipped/>
  </testcase> <!-- validate_login_with_new_password -->
</testsuite> <!-- testCases.TC_FP_003_LoginWithResetedPasswordTest -->
