<?xml version="1.0" encoding="UTF-8"?>
<!-- Generated by org.testng.reporters.JUnitReportReporter -->
<testsuite hostname="DESKTOP-2G546S3" failures="0" tests="3" name="testCases.ProductCompare.TC_PC_009_ProductComparePageProductCategoryPageNavigationTest" time="3.401" errors="0" timestamp="2026-08-07T21:43:35 GMT+07:00" skipped="0">
  <testcase classname="testCases.ProductCompare.TC_PC_009_ProductComparePageProductCategoryPageNavigationTest" name="product_compare_page_navigation_product_category_page" time="1.130"/>
  <testcase classname="testCases.ProductCompare.TC_PC_009_ProductComparePageProductCategoryPageNavigationTest" name="product_compare_page_navigation_product_category_page" time="1.166"/>
  <testcase classname="testCases.ProductCompare.TC_PC_009_ProductComparePageProductCategoryPageNavigationTest" name="product_compare_page_navigation_product_category_page" time="1.105"/>
</testsuite> <!-- testCases.ProductCompare.TC_PC_009_ProductComparePageProductCategoryPageNavigationTest -->
