<?xml version="1.0" encoding="UTF-8"?>
<!-- Generated by org.testng.reporters.JUnitReportReporter -->
<testsuite hostname="DESKTOP-2G546S3" failures="0" tests="1" name="testCases.TC_RF_012_KeyboardKeysRegistrationTest" time="3.069" errors="0" timestamp="2026-05-20T18:21:30 GMT+07:00" skipped="0">
  <testcase classname="testCases.TC_RF_012_KeyboardKeysRegistrationTest" name="validate_registration_with_Keyboard" time="3.069"/>
</testsuite> <!-- testCases.TC_RF_012_KeyboardKeysRegistrationTest -->
