<?xml version="1.0" encoding="UTF-8"?>
<!-- Generated by org.testng.reporters.JUnitReportReporter -->
<testsuite hostname="DESKTOP-2G546S3" failures="0" tests="1" name="testCases.Register.TC_RF_012_KeyboardKeysRegistrationTest" time="2.348" errors="0" timestamp="2026-07-15T21:44:12 GMT+07:00" skipped="0">
  <testcase classname="testCases.Register.TC_RF_012_KeyboardKeysRegistrationTest" name="validate_registration_with_Keyboard" time="2.348"/>
</testsuite> <!-- testCases.Register.TC_RF_012_KeyboardKeysRegistrationTest -->
