<?xml version="1.0" encoding="UTF-8"?>
<!-- Generated by org.testng.reporters.JUnitReportReporter -->
<testsuite hostname="DESKTOP-2G546S3" failures="0" tests="3" name="testCases.Logout.TC_LG_001_LogoutByHeaderMenuTest" time="5.962" errors="0" timestamp="2026-08-07T21:26:58 GMT+07:00" skipped="0">
  <testcase classname="testCases.Logout.TC_LG_001_LogoutByHeaderMenuTest" name="verify_logout" time="1.775"/>
  <testcase classname="testCases.Logout.TC_LG_001_LogoutByHeaderMenuTest" name="verify_logout" time="2.504"/>
  <testcase classname="testCases.Logout.TC_LG_001_LogoutByHeaderMenuTest" name="verify_logout" time="1.683"/>
</testsuite> <!-- testCases.Logout.TC_LG_001_LogoutByHeaderMenuTest -->
