<?xml version="1.0" encoding="UTF-8"?>
<!-- Generated by org.testng.reporters.JUnitReportReporter -->
<testsuite hostname="DESKTOP-2G546S3" failures="0" tests="2" name="testCases.Search.TC_SF_010_SearchExistingProductSubcategoryCheckTest" time="5.356" errors="0" timestamp="2026-07-18T12:01:30 GMT+07:00" skipped="0">
  <testcase classname="testCases.Search.TC_SF_010_SearchExistingProductSubcategoryCheckTest" name="validate_search_product_with_selecting_subcategory" time="4.518"/>
  <testcase classname="testCases.Search.TC_SF_010_SearchExistingProductSubcategoryCheckTest" name="validate_search_product_with_selecting_subcategory" time="0.838"/>
</testsuite> <!-- testCases.Search.TC_SF_010_SearchExistingProductSubcategoryCheckTest -->
