<?xml version="1.0" encoding="UTF-8"?>
<!-- Generated by org.testng.reporters.JUnitReportReporter -->
<testsuite hostname="DESKTOP-2G546S3" failures="0" tests="3" name="testCases.ProductCompare.TC_PC_010_ProductComparePageNonProductAddedTest" time="3.423" errors="0" timestamp="2026-08-07T21:43:35 GMT+07:00" skipped="0">
  <testcase classname="testCases.ProductCompare.TC_PC_010_ProductComparePageNonProductAddedTest" name="validate_product_comparison_without_adding_any_product" time="1.147"/>
  <testcase classname="testCases.ProductCompare.TC_PC_010_ProductComparePageNonProductAddedTest" name="validate_product_comparison_without_adding_any_product" time="1.147"/>
  <testcase classname="testCases.ProductCompare.TC_PC_010_ProductComparePageNonProductAddedTest" name="validate_product_comparison_without_adding_any_product" time="1.129"/>
</testsuite> <!-- testCases.ProductCompare.TC_PC_010_ProductComparePageNonProductAddedTest -->
