<?xml version="1.0" encoding="UTF-8"?>
<!-- Generated by org.testng.reporters.JUnitReportReporter -->
<testsuite hostname="DESKTOP-2G546S3" failures="0" tests="3" name="testCases.TC_FP_024_ResetPasswordHideVisibility" time="0.000" errors="0" timestamp="2026-06-30T21:04:49 GMT+07:00" skipped="3">
  <testcase classname="testCases.TC_FP_024_ResetPasswordHideVisibility" name="reset_password_visibility_validation" time="0.000">
    <skipped/>
  </testcase> <!-- reset_password_visibility_validation -->
  <testcase classname="testCases.TC_FP_024_ResetPasswordHideVisibility" name="reset_password_visibility_validation" time="0.000">
    <skipped/>
  </testcase> <!-- reset_password_visibility_validation -->
  <testcase classname="testCases.TC_FP_024_ResetPasswordHideVisibility" name="reset_password_visibility_validation" time="0.000">
    <skipped/>
  </testcase> <!-- reset_password_visibility_validation -->
</testsuite> <!-- testCases.TC_FP_024_ResetPasswordHideVisibility -->
