<?xml version="1.0" encoding="UTF-8"?>
<!-- Generated by org.testng.reporters.JUnitReportReporter -->
<testsuite hostname="DESKTOP-2G546S3" failures="0" tests="3" name="testCases.ProductCompare.TC_PC_008_ProductComparePageSearchPageNavigationTest" time="7.448" errors="0" timestamp="2026-08-07T21:43:35 GMT+07:00" skipped="0">
  <testcase classname="testCases.ProductCompare.TC_PC_008_ProductComparePageSearchPageNavigationTest" name="adding_product_to_compare_homepage_featured_section" time="2.424"/>
  <testcase classname="testCases.ProductCompare.TC_PC_008_ProductComparePageSearchPageNavigationTest" name="adding_product_to_compare_homepage_featured_section" time="2.523"/>
  <testcase classname="testCases.ProductCompare.TC_PC_008_ProductComparePageSearchPageNavigationTest" name="adding_product_to_compare_homepage_featured_section" time="2.501"/>
</testsuite> <!-- testCases.ProductCompare.TC_PC_008_ProductComparePageSearchPageNavigationTest -->
