<?xml version="1.0" encoding="UTF-8"?>
<!-- Generated by org.testng.reporters.JUnitReportReporter -->
<testsuite hostname="DESKTOP-2G546S3" failures="0" tests="3" name="testCases.TC_LG_008_LogoutLoginSequencingTest" time="15.424" errors="0" timestamp="2026-06-15T23:33:34 GMT+07:00" skipped="0">
  <testcase classname="testCases.TC_LG_008_LogoutLoginSequencingTest" name="verify_login" time="6.089"/>
  <testcase classname="testCases.TC_LG_008_LogoutLoginSequencingTest" name="verify_login" time="6.639"/>
  <testcase classname="testCases.TC_LG_008_LogoutLoginSequencingTest" name="verify_login" time="2.696"/>
</testsuite> <!-- testCases.TC_LG_008_LogoutLoginSequencingTest -->
