<?xml version="1.0" encoding="UTF-8"?>
<!-- Generated by org.testng.reporters.JUnitReportReporter -->
<testsuite hostname="DESKTOP-2G546S3" failures="0" tests="3" name="testCases.ProductCompare.TC_PC_012_ProductCompareBreadcrumbTest" time="17.086" errors="0" timestamp="2026-08-07T21:43:35 GMT+07:00" skipped="0">
  <testcase classname="testCases.ProductCompare.TC_PC_012_ProductCompareBreadcrumbTest" name="validate_product_comparison_breadcrumb" time="5.630"/>
  <testcase classname="testCases.ProductCompare.TC_PC_012_ProductCompareBreadcrumbTest" name="validate_product_comparison_breadcrumb" time="5.596"/>
  <testcase classname="testCases.ProductCompare.TC_PC_012_ProductCompareBreadcrumbTest" name="validate_product_comparison_breadcrumb" time="5.860"/>
</testsuite> <!-- testCases.ProductCompare.TC_PC_012_ProductCompareBreadcrumbTest -->
