<?xml version="1.0" encoding="UTF-8"?>
<!-- Generated by org.testng.reporters.JUnitReportReporter -->
<testsuite hostname="DESKTOP-2G546S3" failures="0" tests="1" name="testCases.TC_RF_025_BreadscrumbHeadingURLTitleTest" time="0.342" errors="0" timestamp="2026-05-20T18:21:30 GMT+07:00" skipped="0">
  <testcase classname="testCases.TC_RF_025_BreadscrumbHeadingURLTitleTest" name="validate_breadcrumbs_heading_url_title" time="0.342"/>
</testsuite> <!-- testCases.TC_RF_025_BreadscrumbHeadingURLTitleTest -->
