<?xml version="1.0" encoding="UTF-8"?>
<!-- Generated by org.testng.reporters.JUnitReportReporter -->
<testsuite hostname="DESKTOP-2G546S3" failures="0" tests="2" name="testCases.Search.TC_SF_003_SearchEmptyTest" time="0.476" errors="0" timestamp="2026-07-18T12:01:30 GMT+07:00" skipped="0">
  <testcase classname="testCases.Search.TC_SF_003_SearchEmptyTest" name="empty_search" time="0.275"/>
  <testcase classname="testCases.Search.TC_SF_003_SearchEmptyTest" name="empty_search" time="0.201"/>
</testsuite> <!-- testCases.Search.TC_SF_003_SearchEmptyTest -->
