<?xml version="1.0" encoding="UTF-8"?>
<!-- Generated by org.testng.reporters.JUnitReportReporter -->
<testsuite hostname="DESKTOP-2G546S3" failures="0" tests="1" name="testCases.ProductCompare.TC_PC_005_ProductCompareAddingProductFromCategoryPageGridViewTest" time="4.126" errors="0" timestamp="2026-07-24T22:11:35 GMT+07:00" skipped="0">
  <testcase classname="testCases.ProductCompare.TC_PC_005_ProductCompareAddingProductFromCategoryPageGridViewTest" name="adding_product_to_compare_grid_view_category" time="4.126"/>
</testsuite> <!-- testCases.ProductCompare.TC_PC_005_ProductCompareAddingProductFromCategoryPageGridViewTest -->
