<?xml version="1.0" encoding="UTF-8"?>
<!-- Generated by org.testng.reporters.JUnitReportReporter -->
<testsuite hostname="DESKTOP-2G546S3" failures="0" tests="1" name="testCases.TC_FP_012_ResetPasswordBreadscrumbTest" time="0.000" errors="0" timestamp="2026-06-28T14:30:30 GMT+07:00" skipped="1">
  <testcase classname="testCases.TC_FP_012_ResetPasswordBreadscrumbTest" name="reset_password_Breadscrumb_validate" time="0.000">
    <skipped/>
  </testcase> <!-- reset_password_Breadscrumb_validate -->
</testsuite> <!-- testCases.TC_FP_012_ResetPasswordBreadscrumbTest -->
