<?xml version="1.0" encoding="UTF-8"?>
<!-- Generated by org.testng.reporters.JUnitReportReporter -->
<testsuite hostname="DESKTOP-2G546S3" failures="0" tests="1" name="testCases.Search.TC_SF_016_SearchComponentVisibilityTest" time="0.988" errors="0" timestamp="2026-07-15T21:40:29 GMT+07:00" skipped="0">
  <testcase classname="testCases.Search.TC_SF_016_SearchComponentVisibilityTest" name="search_component_visibility" time="0.988"/>
</testsuite> <!-- testCases.Search.TC_SF_016_SearchComponentVisibilityTest -->
