<?xml version="1.0" encoding="UTF-8"?>
<!-- Generated by org.testng.reporters.JUnitReportReporter -->
<testsuite hostname="DESKTOP-2G546S3" failures="0" tests="1" name="testCases.ProductCompare.TC_PC_014_ProductCompareSingleProductAddedTest" time="1.684" errors="0" timestamp="2026-08-07T21:56:04 GMT+07:00" skipped="0">
  <testcase classname="testCases.ProductCompare.TC_PC_014_ProductCompareSingleProductAddedTest" name="validate_product_comparison_add_single_product" time="1.684"/>
</testsuite> <!-- testCases.ProductCompare.TC_PC_014_ProductCompareSingleProductAddedTest -->
