<?xml version="1.0" encoding="UTF-8"?>
<!-- Generated by org.testng.reporters.JUnitReportReporter -->
<testsuite hostname="DESKTOP-2G546S3" failures="0" tests="1" name="testCases.ProductCompare.TC_PC_021_B_ProductCompareRemoveMultipleProductTest" time="6.395" errors="0" timestamp="2026-08-03T21:04:52 GMT+07:00" skipped="0">
  <testcase classname="testCases.ProductCompare.TC_PC_021_B_ProductCompareRemoveMultipleProductTest" name="validate_product_comparison_remove_products" time="6.395"/>
</testsuite> <!-- testCases.ProductCompare.TC_PC_021_B_ProductCompareRemoveMultipleProductTest -->
