<?xml version="1.0" encoding="UTF-8"?>
<!-- Generated by org.testng.reporters.JUnitReportReporter -->
<testsuite hostname="DESKTOP-2G546S3" failures="0" tests="1" name="testCases.TC_FP_006_ResetPasswordLinkReuseTest" time="0.000" errors="0" timestamp="2026-06-23T21:22:27 GMT+07:00" skipped="1">
  <testcase classname="testCases.TC_FP_006_ResetPasswordLinkReuseTest" name="reset_password_link_resuse" time="0.000">
    <skipped/>
  </testcase> <!-- reset_password_link_resuse -->
</testsuite> <!-- testCases.TC_FP_006_ResetPasswordLinkReuseTest -->
