<?xml version="1.0" encoding="UTF-8"?>
<!-- Generated by org.testng.reporters.JUnitReportReporter -->
<testsuite hostname="DESKTOP-2G546S3" failures="0" tests="1" name="testCases.TC_SF_012_A_SearchMultipleProductListViewTest" time="2.205" errors="0" timestamp="2026-07-09T22:26:38 GMT+07:00" skipped="0">
  <testcase classname="testCases.TC_SF_012_A_SearchMultipleProductListViewTest" name="validate_multiple_search_results_list_view" time="2.205"/>
</testsuite> <!-- testCases.TC_SF_012_A_SearchMultipleProductListViewTest -->
