<?xml version="1.0" encoding="UTF-8"?>
<!-- Generated by org.testng.reporters.JUnitReportReporter -->
<testsuite hostname="DESKTOP-2G546S3" failures="0" tests="3" name="testCases.TC_FP_021_ForgottenPasswordBreadcrumbTest" time="4.655" errors="0" timestamp="2026-06-30T21:04:49 GMT+07:00" skipped="0">
  <testcase classname="testCases.TC_FP_021_ForgottenPasswordBreadcrumbTest" name="forgotten_password_breadcrumb_validation" time="1.425"/>
  <testcase classname="testCases.TC_FP_021_ForgottenPasswordBreadcrumbTest" name="forgotten_password_breadcrumb_validation" time="1.649"/>
  <testcase classname="testCases.TC_FP_021_ForgottenPasswordBreadcrumbTest" name="forgotten_password_breadcrumb_validation" time="1.581"/>
</testsuite> <!-- testCases.TC_FP_021_ForgottenPasswordBreadcrumbTest -->
