<?xml version="1.0" encoding="UTF-8"?>
<!-- Generated by org.testng.reporters.JUnitReportReporter -->
<testsuite hostname="DESKTOP-2G546S3" failures="0" tests="2" name="testCases.Search.TC_SF_012_A_SearchMultipleProductListViewTest" time="5.059" errors="0" timestamp="2026-07-18T12:01:30 GMT+07:00" skipped="0">
  <testcase classname="testCases.Search.TC_SF_012_A_SearchMultipleProductListViewTest" name="validate_multiple_search_results_list_view" time="2.859"/>
  <testcase classname="testCases.Search.TC_SF_012_A_SearchMultipleProductListViewTest" name="validate_multiple_search_results_list_view" time="2.200"/>
</testsuite> <!-- testCases.Search.TC_SF_012_A_SearchMultipleProductListViewTest -->
