<?xml version="1.0" encoding="UTF-8"?>
<!-- Generated by org.testng.reporters.JUnitReportReporter -->
<testsuite hostname="DESKTOP-2G546S3" failures="0" tests="2" name="testCases.Search.TC_SF_007_SearchExistingProductCriteriaInputTest" time="1.093" errors="0" timestamp="2026-07-18T12:01:30 GMT+07:00" skipped="0">
  <testcase classname="testCases.Search.TC_SF_007_SearchExistingProductCriteriaInputTest" name="validate_search_criteria_functionality" time="0.553"/>
  <testcase classname="testCases.Search.TC_SF_007_SearchExistingProductCriteriaInputTest" name="validate_search_criteria_functionality" time="0.540"/>
</testsuite> <!-- testCases.Search.TC_SF_007_SearchExistingProductCriteriaInputTest -->
