<?xml version="1.0" encoding="UTF-8"?>
<!-- Generated by org.testng.reporters.JUnitReportReporter -->
<testsuite hostname="DESKTOP-2G546S3" failures="0" tests="3" name="testCases.TC_LG_004_LogoutAndBackingTest" time="20.015" errors="0" timestamp="2026-06-15T23:33:34 GMT+07:00" skipped="0">
  <testcase classname="testCases.TC_LG_004_LogoutAndBackingTest" name="verify_logout_backing" time="7.033"/>
  <testcase classname="testCases.TC_LG_004_LogoutAndBackingTest" name="verify_logout_backing" time="6.203"/>
  <testcase classname="testCases.TC_LG_004_LogoutAndBackingTest" name="verify_logout_backing" time="6.779"/>
</testsuite> <!-- testCases.TC_LG_004_LogoutAndBackingTest -->
