<?xml version="1.0" encoding="UTF-8"?>
<!-- Generated by org.testng.reporters.JUnitReportReporter -->
<testsuite hostname="DESKTOP-2G546S3" failures="0" tests="3" name="testCases.TC_FP_013_ResetPasswordHeadingTitleURLTest" time="0.000" errors="0" timestamp="2026-06-30T21:04:49 GMT+07:00" skipped="3">
  <testcase classname="testCases.TC_FP_013_ResetPasswordHeadingTitleURLTest" name="reset_password_heading_url_title_validate" time="0.000">
    <skipped/>
  </testcase> <!-- reset_password_heading_url_title_validate -->
  <testcase classname="testCases.TC_FP_013_ResetPasswordHeadingTitleURLTest" name="reset_password_heading_url_title_validate" time="0.000">
    <skipped/>
  </testcase> <!-- reset_password_heading_url_title_validate -->
  <testcase classname="testCases.TC_FP_013_ResetPasswordHeadingTitleURLTest" name="reset_password_heading_url_title_validate" time="0.000">
    <skipped/>
  </testcase> <!-- reset_password_heading_url_title_validate -->
</testsuite> <!-- testCases.TC_FP_013_ResetPasswordHeadingTitleURLTest -->
