<?xml version="1.0" encoding="UTF-8"?>
<!-- Generated by org.testng.reporters.JUnitReportReporter -->
<testsuite hostname="DESKTOP-2G546S3" failures="0" tests="3" name="testCases.TC_LG_002_LogoutByButtonGroupMenuTest" time="9.266" errors="0" timestamp="2026-06-15T23:33:34 GMT+07:00" skipped="0">
  <testcase classname="testCases.TC_LG_002_LogoutByButtonGroupMenuTest" name="verify_logout_through_btn_group" time="3.144"/>
  <testcase classname="testCases.TC_LG_002_LogoutByButtonGroupMenuTest" name="verify_logout_through_btn_group" time="2.859"/>
  <testcase classname="testCases.TC_LG_002_LogoutByButtonGroupMenuTest" name="verify_logout_through_btn_group" time="3.263"/>
</testsuite> <!-- testCases.TC_LG_002_LogoutByButtonGroupMenuTest -->
