<?xml version="1.0" encoding="UTF-8"?>
<!-- Generated by org.testng.reporters.JUnitReportReporter -->
<testsuite hostname="DESKTOP-2G546S3" failures="0" tests="1" name="testCases.TC_FP_002_ResetPasswordEmailTest" time="0.000" errors="0" timestamp="2026-06-20T23:41:43 GMT+07:00" skipped="1">
  <testcase classname="testCases.TC_FP_002_ResetPasswordEmailTest" name="validate_reset_password_email" time="0.000">
    <skipped/>
  </testcase> <!-- validate_reset_password_email -->
</testsuite> <!-- testCases.TC_FP_002_ResetPasswordEmailTest -->
