<?xml version="1.0" encoding="UTF-8"?>
<!-- Generated by org.testng.reporters.JUnitReportReporter -->
<testsuite hostname="DESKTOP-2G546S3" failures="0" tests="2" name="testCases.Search.TC_SF_002_SearchNonExistingProductTest" time="20.592" errors="0" timestamp="2026-07-18T12:01:30 GMT+07:00" skipped="0">
  <testcase classname="testCases.Search.TC_SF_002_SearchNonExistingProductTest" name="validate_search_non_existing_product" time="10.257"/>
  <testcase classname="testCases.Search.TC_SF_002_SearchNonExistingProductTest" name="validate_search_non_existing_product" time="10.335"/>
</testsuite> <!-- testCases.Search.TC_SF_002_SearchNonExistingProductTest -->
