<?xml version="1.0" encoding="UTF-8"?>
<!-- Generated by org.testng.reporters.JUnitReportReporter -->
<testsuite hostname="DESKTOP-2G546S3" failures="0" tests="1" name="testCases.ProductCompare.TC_PC_002_ProductCompareAddingProductListViewTest" time="0.798" errors="0" timestamp="2026-07-20T20:12:06 GMT+07:00" skipped="0">
  <testcase classname="testCases.ProductCompare.TC_PC_002_ProductCompareAddingProductListViewTest" name="adding_product_to_compare_list_view" time="0.798"/>
</testsuite> <!-- testCases.ProductCompare.TC_PC_002_ProductCompareAddingProductListViewTest -->
