<?xml version="1.0" encoding="UTF-8"?>
<!-- Generated by org.testng.reporters.JUnitReportReporter -->
<testsuite hostname="DESKTOP-2G546S3" failures="0" tests="1" name="testCases.TC_FP_021_ForgottenPasswordBreadcrumbTest" time="1.558" errors="0" timestamp="2026-06-29T20:17:31 GMT+07:00" skipped="0">
  <testcase classname="testCases.TC_FP_021_ForgottenPasswordBreadcrumbTest" name="forgotten_password_breadcrumb_validation" time="1.558"/>
</testsuite> <!-- testCases.TC_FP_021_ForgottenPasswordBreadcrumbTest -->
