<?xml version="1.0" encoding="UTF-8"?>
<!-- Generated by org.testng.reporters.JUnitReportReporter -->
<testsuite hostname="DESKTOP-2G546S3" failures="0" tests="1" name="testCases.Logout.TC_LG_006_BtnGrpLogoutOptionTest" time="0.981" errors="0" timestamp="2026-08-07T21:15:44 GMT+07:00" skipped="0">
  <testcase classname="testCases.Logout.TC_LG_006_BtnGrpLogoutOptionTest" name="verify_logout_btn_grp_before_login" time="0.981"/>
</testsuite> <!-- testCases.Logout.TC_LG_006_BtnGrpLogoutOptionTest -->
