<?xml version="1.0" encoding="UTF-8"?>
<!-- Generated by org.testng.reporters.JUnitReportReporter -->
<testsuite hostname="DESKTOP-2G546S3" failures="0" tests="3" name="testCases.TC_FP_017_ForgottenPasswordEmailMandatoryTest" time="2.151" errors="0" timestamp="2026-06-30T21:04:49 GMT+07:00" skipped="0">
  <testcase classname="testCases.TC_FP_017_ForgottenPasswordEmailMandatoryTest" name="email_field_mandatory_marked_validation" time="0.468"/>
  <testcase classname="testCases.TC_FP_017_ForgottenPasswordEmailMandatoryTest" name="email_field_mandatory_marked_validation" time="0.997"/>
  <testcase classname="testCases.TC_FP_017_ForgottenPasswordEmailMandatoryTest" name="email_field_mandatory_marked_validation" time="0.686"/>
</testsuite> <!-- testCases.TC_FP_017_ForgottenPasswordEmailMandatoryTest -->
