<?xml version="1.0" encoding="UTF-8"?>
<!-- Generated by org.testng.reporters.JUnitReportReporter -->
<testsuite hostname="DESKTOP-2G546S3" failures="0" tests="1" name="testCases.ProductCompare.TC_PC_007_ProductCompareAddingProductFromHomePageTest" time="3.707" errors="0" timestamp="2026-07-24T21:55:57 GMT+07:00" skipped="0">
  <testcase classname="testCases.ProductCompare.TC_PC_007_ProductCompareAddingProductFromHomePageTest" name="adding_product_to_compare_homepage_featured_section" time="3.707"/>
</testsuite> <!-- testCases.ProductCompare.TC_PC_007_ProductCompareAddingProductFromHomePageTest -->
