<?xml version="1.0" encoding="UTF-8"?>
<!-- Generated by org.testng.reporters.JUnitReportReporter -->
<testsuite hostname="DESKTOP-2G546S3" failures="0" tests="3" name="testCases.ProductCompare.TC_PC_021_A_ProductCompareRemoveTest" time="3.798" errors="0" timestamp="2026-08-07T21:43:35 GMT+07:00" skipped="0">
  <testcase classname="testCases.ProductCompare.TC_PC_021_A_ProductCompareRemoveTest" name="validate_remove_a_product_from_page" time="1.352"/>
  <testcase classname="testCases.ProductCompare.TC_PC_021_A_ProductCompareRemoveTest" name="validate_remove_a_product_from_page" time="1.203"/>
  <testcase classname="testCases.ProductCompare.TC_PC_021_A_ProductCompareRemoveTest" name="validate_remove_a_product_from_page" time="1.243"/>
</testsuite> <!-- testCases.ProductCompare.TC_PC_021_A_ProductCompareRemoveTest -->
