<?xml version="1.0" encoding="UTF-8"?>
<!-- Generated by org.testng.reporters.JUnitReportReporter -->
<testsuite hostname="DESKTOP-2G546S3" failures="0" tests="3" name="testCases.TC_FP_019_ForgottenPasswordBackingNavigationTest" time="4.972" errors="0" timestamp="2026-06-30T21:04:49 GMT+07:00" skipped="0">
  <testcase classname="testCases.TC_FP_019_ForgottenPasswordBackingNavigationTest" name="forgotten_password_backing_navigation_validation" time="1.503"/>
  <testcase classname="testCases.TC_FP_019_ForgottenPasswordBackingNavigationTest" name="forgotten_password_backing_navigation_validation" time="1.658"/>
  <testcase classname="testCases.TC_FP_019_ForgottenPasswordBackingNavigationTest" name="forgotten_password_backing_navigation_validation" time="1.811"/>
</testsuite> <!-- testCases.TC_FP_019_ForgottenPasswordBackingNavigationTest -->
