<?xml version="1.0" encoding="UTF-8"?>
<!-- Generated by org.testng.reporters.JUnitReportReporter -->
<testsuite hostname="DESKTOP-2G546S3" failures="0" tests="1" name="testCases.ProductCompare.TC_PC_003_ProductCompareAddingProductGridViewTest" time="0.754" errors="0" timestamp="2026-07-20T20:12:06 GMT+07:00" skipped="0">
  <testcase classname="testCases.ProductCompare.TC_PC_003_ProductCompareAddingProductGridViewTest" name="adding_product_to_compare_grid_view" time="0.754"/>
</testsuite> <!-- testCases.ProductCompare.TC_PC_003_ProductCompareAddingProductGridViewTest -->
