<?xml version="1.0" encoding="UTF-8"?>
<!-- Generated by org.testng.reporters.JUnitReportReporter -->
<testsuite hostname="DESKTOP-2G546S3" failures="0" tests="1" name="testCases.Search.TC_SF_015_SearchProductNumberOfResultShowTest" time="4.484" errors="0" timestamp="2026-07-15T21:40:29 GMT+07:00" skipped="0">
  <testcase classname="testCases.Search.TC_SF_015_SearchProductNumberOfResultShowTest" name="number_of_search_result_show" time="4.484"/>
</testsuite> <!-- testCases.Search.TC_SF_015_SearchProductNumberOfResultShowTest -->
