<?xml version="1.0" encoding="UTF-8"?>
<!-- Generated by org.testng.reporters.JUnitReportReporter -->
<testsuite hostname="DESKTOP-2G546S3" failures="0" tests="2" name="testCases.Search.TC_SF_013_ProductComparePageTest" time="1.022" errors="0" timestamp="2026-07-18T12:01:30 GMT+07:00" skipped="0">
  <testcase classname="testCases.Search.TC_SF_013_ProductComparePageTest" name="product_comparison_navigate" time="0.487"/>
  <testcase classname="testCases.Search.TC_SF_013_ProductComparePageTest" name="product_comparison_navigate" time="0.535"/>
</testsuite> <!-- testCases.Search.TC_SF_013_ProductComparePageTest -->
