<?xml version="1.0" encoding="UTF-8"?>
<!-- Generated by org.testng.reporters.JUnitReportReporter -->
<testsuite hostname="DESKTOP-2G546S3" failures="0" tests="2" name="testCases.Search.TC_SF_012_B_SearchMultipleProductGridViewTest" time="5.757" errors="0" timestamp="2026-07-18T12:01:30 GMT+07:00" skipped="0">
  <testcase classname="testCases.Search.TC_SF_012_B_SearchMultipleProductGridViewTest" name="validate_multiple_search_results_Grid_view" time="3.742"/>
  <testcase classname="testCases.Search.TC_SF_012_B_SearchMultipleProductGridViewTest" name="validate_multiple_search_results_Grid_view" time="2.015"/>
</testsuite> <!-- testCases.Search.TC_SF_012_B_SearchMultipleProductGridViewTest -->
