<?xml version="1.0" encoding="UTF-8"?>
<!-- Generated by org.testng.reporters.JUnitReportReporter -->
<testsuite hostname="DESKTOP-2G546S3" failures="0" tests="3" name="testCases.ProductCompare.TC_PC_013_ProductCompareSuccessMessageTest" time="5.567" errors="0" timestamp="2026-08-07T21:43:35 GMT+07:00" skipped="0">
  <testcase classname="testCases.ProductCompare.TC_PC_013_ProductCompareSuccessMessageTest" name="validate_success_message_links" time="1.529"/>
  <testcase classname="testCases.ProductCompare.TC_PC_013_ProductCompareSuccessMessageTest" name="validate_success_message_links" time="1.459"/>
  <testcase classname="testCases.ProductCompare.TC_PC_013_ProductCompareSuccessMessageTest" name="validate_success_message_links" time="2.579"/>
</testsuite> <!-- testCases.ProductCompare.TC_PC_013_ProductCompareSuccessMessageTest -->
