<?xml version="1.0" encoding="UTF-8"?>
<!-- Generated by org.testng.reporters.JUnitReportReporter -->
<testsuite hostname="DESKTOP-2G546S3" failures="0" tests="3" name="testCases.Logout.TC_LG_009_BreadscrumbHeadingURLTitleTest" time="4.644" errors="0" timestamp="2026-08-06T22:13:57 GMT+07:00" skipped="0">
  <testcase classname="testCases.Logout.TC_LG_009_BreadscrumbHeadingURLTitleTest" name="validate_breadcrumbs_heading_url_title" time="1.556"/>
  <testcase classname="testCases.Logout.TC_LG_009_BreadscrumbHeadingURLTitleTest" name="validate_breadcrumbs_heading_url_title" time="1.429"/>
  <testcase classname="testCases.Logout.TC_LG_009_BreadscrumbHeadingURLTitleTest" name="validate_breadcrumbs_heading_url_title" time="1.659"/>
</testsuite> <!-- testCases.Logout.TC_LG_009_BreadscrumbHeadingURLTitleTest -->
