<?xml version="1.0" encoding="UTF-8"?>
<!-- Generated by org.testng.reporters.JUnitReportReporter -->
<testsuite hostname="DESKTOP-2G546S3" failures="0" tests="3" name="testCases.ProductCompare.TC_PC_021_B_ProductCompareRemoveMultipleProductTest" time="19.321" errors="0" timestamp="2026-08-07T21:43:35 GMT+07:00" skipped="0">
  <testcase classname="testCases.ProductCompare.TC_PC_021_B_ProductCompareRemoveMultipleProductTest" name="validate_product_comparison_remove_products" time="6.622"/>
  <testcase classname="testCases.ProductCompare.TC_PC_021_B_ProductCompareRemoveMultipleProductTest" name="validate_product_comparison_remove_products" time="6.516"/>
  <testcase classname="testCases.ProductCompare.TC_PC_021_B_ProductCompareRemoveMultipleProductTest" name="validate_product_comparison_remove_products" time="6.183"/>
</testsuite> <!-- testCases.ProductCompare.TC_PC_021_B_ProductCompareRemoveMultipleProductTest -->
