<?xml version="1.0" encoding="UTF-8"?>
<!-- Generated by org.testng.reporters.JUnitReportReporter -->
<testsuite hostname="DESKTOP-2G546S3" failures="0" tests="2" name="testCases.Search.TC_SF_017_SearchPageSiteMapNavigationTest" time="0.937" errors="0" timestamp="2026-07-18T12:01:30 GMT+07:00" skipped="0">
  <testcase classname="testCases.Search.TC_SF_017_SearchPageSiteMapNavigationTest" name="access_search_page_from_sitemap" time="0.536"/>
  <testcase classname="testCases.Search.TC_SF_017_SearchPageSiteMapNavigationTest" name="access_search_page_from_sitemap" time="0.401"/>
</testsuite> <!-- testCases.Search.TC_SF_017_SearchPageSiteMapNavigationTest -->
