<?xml version="1.0" encoding="UTF-8"?>
<!-- Generated by org.testng.reporters.JUnitReportReporter -->
<testsuite hostname="DESKTOP-2G546S3" failures="0" tests="1" name="testCases.ProductCompare.TC_PC_001_ProductCompareAddingProductTest" time="2.556" errors="0" timestamp="2026-08-07T22:09:33 GMT+07:00" skipped="0">
  <testcase classname="testCases.ProductCompare.TC_PC_001_ProductCompareAddingProductTest" name="adding_product_to_compare" time="2.556"/>
</testsuite> <!-- testCases.ProductCompare.TC_PC_001_ProductCompareAddingProductTest -->
