<?xml version="1.0" encoding="UTF-8"?>
<!-- Generated by org.testng.reporters.JUnitReportReporter -->
<testsuite hostname="DESKTOP-2G546S3" failures="0" tests="1" name="testCases.Logout.TC_LG_009_BreadscrumbHeadingURLTitleTest" time="5.056" errors="0" timestamp="2026-08-07T21:15:44 GMT+07:00" skipped="0">
  <testcase classname="testCases.Logout.TC_LG_009_BreadscrumbHeadingURLTitleTest" name="validate_breadcrumbs_heading_url_title" time="5.056"/>
</testsuite> <!-- testCases.Logout.TC_LG_009_BreadscrumbHeadingURLTitleTest -->
