<?xml version="1.0" encoding="UTF-8"?>
<!-- Generated by org.testng.reporters.JUnitReportReporter -->
<testsuite hostname="DESKTOP-2G546S3" failures="0" tests="1" name="testCases.ProductDisplayPage.TC_PDP_002_ProductDisplayPageNameBrandCodeTest" time="0.694" errors="0" timestamp="2026-08-13T22:07:13 GMT+07:00" skipped="0">
  <testcase classname="testCases.ProductDisplayPage.TC_PDP_002_ProductDisplayPageNameBrandCodeTest" name="validate_product_name_brand_code_display" time="0.694"/>
</testsuite> <!-- testCases.ProductDisplayPage.TC_PDP_002_ProductDisplayPageNameBrandCodeTest -->
