<?xml version="1.0" encoding="UTF-8"?>
<!-- Generated by org.testng.reporters.JUnitReportReporter -->
<testsuite hostname="DESKTOP-2G546S3" failures="0" tests="1" name="testCases.Register.TC_RF_008_ConfirmPasswordTest" time="1.626" errors="0" timestamp="2026-07-15T21:44:12 GMT+07:00" skipped="0">
  <testcase classname="testCases.Register.TC_RF_008_ConfirmPasswordTest" name="validate_different_confirm_password" time="1.626"/>
</testsuite> <!-- testCases.Register.TC_RF_008_ConfirmPasswordTest -->
