<?xml version="1.0" encoding="UTF-8"?>
<!-- Generated by org.testng.reporters.JUnitReportReporter -->
<testsuite hostname="DESKTOP-2G546S3" failures="0" tests="1" name="testCases.Search.TC_SF_020_SearchPageHeadingURLTitleTest" time="4.309" errors="0" timestamp="2026-07-18T12:58:53 GMT+07:00" skipped="0">
  <testcase classname="testCases.Search.TC_SF_020_SearchPageHeadingURLTitleTest" name="search_page_heading_title_url" time="4.309"/>
</testsuite> <!-- testCases.Search.TC_SF_020_SearchPageHeadingURLTitleTest -->
